Program           :  ibdne.19Sep19.268.jar
Author            :  Copyright (C) 2015 Brian L. Browning
Available memory  :  10727 MB
Start Time        :  06:17 PM GMT on 05 Feb 2020

Parameters
  map             :  data/Ag_genetic.map
  out             :  analysis/ibdne/AOcol_ibdne
  mincm           :  2.0
  minregion       :  50.0
  trimcm          :  0.2
  filtersample    :  true
  npairs          :  data dependent
  nits            :  1000
  nboots          :  80
  gmax            :  300
  seed            :  -99999
  nthreads        :  4

Reading IBD segments               Done (elapsed time: 1 second)
Samples           : 78
segments read     : 75213
segments analyzed : 432

Estimating Ne [original data]      Done (elapsed time: 1 minute 52 seconds)
Estimating Ne [bootstrap samples]

Original  fit 3.0
Bootstrap fit 3.6
Bootstrap fit 3.0
Bootstrap fit 3.0
Bootstrap fit 3.6
Bootstrap fit 3.6
Bootstrap fit 2.2
Bootstrap fit 3.6
Bootstrap fit 3.6
Bootstrap fit 3.0
Bootstrap fit 3.6
Bootstrap fit 3.0
Bootstrap fit 2.2
Bootstrap fit 3.0
Bootstrap fit 3.0
Bootstrap fit 3.0
Bootstrap fit 3.0
Bootstrap fit 2.2
Bootstrap fit 3.0
Bootstrap fit 3.6
Bootstrap fit 3.0
Bootstrap fit 3.6
Bootstrap fit 3.6
Bootstrap fit 2.2
Bootstrap fit 3.0
Bootstrap fit 3.6
Bootstrap fit 3.0
Bootstrap fit 3.6
Bootstrap fit 2.2
Bootstrap fit 3.0
Bootstrap fit 3.0
Bootstrap fit 3.6
Bootstrap fit 3.0
Bootstrap fit 3.0
Bootstrap fit 2.2
Bootstrap fit 3.6
Bootstrap fit 3.0
Bootstrap fit 3.0
Bootstrap fit 3.6
Bootstrap fit 3.0
Bootstrap fit 3.0
Bootstrap fit 2.2
Bootstrap fit 3.6
Bootstrap fit 3.6
Bootstrap fit 3.0
Bootstrap fit 3.6
Bootstrap fit 3.0
Bootstrap fit 3.6
Bootstrap fit 2.2
Bootstrap fit 3.0
Bootstrap fit 2.2
Bootstrap fit 3.6
Bootstrap fit 2.2
Bootstrap fit 2.2
Bootstrap fit 2.2
Bootstrap fit 3.6
Bootstrap fit 3.0
Bootstrap fit 3.0
Bootstrap fit 3.0
Bootstrap fit 3.0
Bootstrap fit 3.6
Bootstrap fit 3.0
Bootstrap fit 3.0
Bootstrap fit 3.0
Bootstrap fit 3.6
Bootstrap fit 3.0
Bootstrap fit 3.0
Bootstrap fit 3.6
Bootstrap fit 3.0
Bootstrap fit 3.0
Bootstrap fit 3.0
Bootstrap fit 3.6
Bootstrap fit 3.0
Bootstrap fit 2.2
Bootstrap fit 3.0
Bootstrap fit 2.2
Bootstrap fit 3.0
Bootstrap fit 3.6
Bootstrap fit 3.0
Bootstrap fit 2.2
Bootstrap fit 3.0

Elapsed Time      :  30 minutes 40 seconds
End Time          :  06:48 PM GMT on 05 Feb 2020
