Program           :  ibdne.19Sep19.268.jar
Author            :  Copyright (C) 2015 Brian L. Browning
Available memory  :  10727 MB
Start Time        :  06:48 PM GMT on 05 Feb 2020

Parameters
  map             :  data/Ag_genetic.map
  out             :  analysis/ibdne/BFcol_ibdne
  mincm           :  2.0
  minregion       :  50.0
  trimcm          :  0.2
  filtersample    :  true
  npairs          :  data dependent
  nits            :  1000
  nboots          :  80
  gmax            :  300
  seed            :  -99999
  nthreads        :  4

Reading IBD segments               Done (elapsed time: 1 second)
Samples           : 75
segments read     : 70237
segments analyzed : 20

Estimating Ne [original data]      Done (elapsed time: 2 seconds)
Estimating Ne [bootstrap samples]

Original  fit 0.1
Bootstrap fit 0.1
Bootstrap fit 0.1
Bootstrap fit 0.1
Bootstrap fit 0.1
Bootstrap fit 0.1
Bootstrap fit 0.1
Bootstrap fit 0.1
Bootstrap fit 0.1
Bootstrap fit 0.1
Bootstrap fit 0.1
Bootstrap fit 0.1
Bootstrap fit 0.1
Bootstrap fit 0.1
Bootstrap fit 0.1
Bootstrap fit 0.1
Bootstrap fit 0.1
Bootstrap fit 0.1
Bootstrap fit 0.1
Bootstrap fit 0.1
Bootstrap fit 0.1
Bootstrap fit 0.1
Bootstrap fit 0.1
Bootstrap fit 0.1
Bootstrap fit 0.1
Bootstrap fit 0.1
Bootstrap fit 0.1
Bootstrap fit 0.1
Bootstrap fit 0.1
Bootstrap fit 0.1
Bootstrap fit 0.1
Bootstrap fit 0.1
Bootstrap fit 0.1
Bootstrap fit 0.1
Bootstrap fit 0.1
Bootstrap fit 0.1
Bootstrap fit 0.1
Bootstrap fit 0.1
Bootstrap fit 0.1
Bootstrap fit 0.1
Bootstrap fit 0.1
Bootstrap fit 0.1
Bootstrap fit 0.1
Bootstrap fit 0.1
Bootstrap fit 0.1
Bootstrap fit 0.1
Bootstrap fit 0.1
Bootstrap fit 0.1
Bootstrap fit 0.1
Bootstrap fit 0.1
Bootstrap fit 0.1
Bootstrap fit 0.1
Bootstrap fit 0.1
Bootstrap fit 0.1
Bootstrap fit 0.1
Bootstrap fit 0.1
Bootstrap fit 0.1
Bootstrap fit 0.1
Bootstrap fit 0.1
Bootstrap fit 0.1
Bootstrap fit 0.1
Bootstrap fit 0.1
Bootstrap fit 0.1
Bootstrap fit 0.1
Bootstrap fit 0.1
Bootstrap fit 0.1
Bootstrap fit 0.1
Bootstrap fit 0.1
Bootstrap fit 0.1
Bootstrap fit 0.1
Bootstrap fit 0.1
Bootstrap fit 0.1
Bootstrap fit 0.1
Bootstrap fit 0.1
Bootstrap fit 0.1
Bootstrap fit 0.1
Bootstrap fit 0.1
Bootstrap fit 0.1
Bootstrap fit 0.1
Bootstrap fit 0.1
Bootstrap fit 0.1

Elapsed Time      :  22 seconds
End Time          :  06:48 PM GMT on 05 Feb 2020
