Program           :  ibdne.19Sep19.268.jar
Author            :  Copyright (C) 2015 Brian L. Browning
Available memory  :  10727 MB
Start Time        :  06:15 PM GMT on 05 Feb 2020

Parameters
  map             :  data/Ag_genetic.map
  out             :  analysis/ibdne/CIcol_ibdne
  mincm           :  2.0
  minregion       :  50.0
  trimcm          :  0.2
  filtersample    :  true
  npairs          :  data dependent
  nits            :  1000
  nboots          :  80
  gmax            :  300
  seed            :  -99999
  nthreads        :  4

Reading IBD segments               Done (elapsed time: 1 second)
Samples           : 71
segments read     : 106743
segments analyzed : 292

Estimating Ne [original data]      Done (elapsed time: 7 seconds)
Estimating Ne [bootstrap samples]

Original  fit 0.2
Bootstrap fit 0.2
Bootstrap fit 0.2
Bootstrap fit 0.4
Bootstrap fit 0.2
Bootstrap fit 0.2
Bootstrap fit 0.2
Bootstrap fit 0.2
Bootstrap fit 0.2
Bootstrap fit 0.4
Bootstrap fit 0.2
Bootstrap fit 0.2
Bootstrap fit 0.2
Bootstrap fit 0.2
Bootstrap fit 0.2
Bootstrap fit 0.2
Bootstrap fit 0.4
Bootstrap fit 0.2
Bootstrap fit 0.2
Bootstrap fit 0.4
Bootstrap fit 0.2
Bootstrap fit 0.2
Bootstrap fit 0.2
Bootstrap fit 0.2
Bootstrap fit 0.2
Bootstrap fit 0.4
Bootstrap fit 0.2
Bootstrap fit 0.2
Bootstrap fit 0.2
Bootstrap fit 0.2
Bootstrap fit 0.2
Bootstrap fit 0.2
Bootstrap fit 0.2
Bootstrap fit 0.4
Bootstrap fit 0.2
Bootstrap fit 0.2
Bootstrap fit 0.2
Bootstrap fit 0.4
Bootstrap fit 0.2
Bootstrap fit 0.2
Bootstrap fit 0.2
Bootstrap fit 0.2
Bootstrap fit 0.2
Bootstrap fit 0.2
Bootstrap fit 0.4
Bootstrap fit 0.2
Bootstrap fit 0.4
Bootstrap fit 0.2
Bootstrap fit 0.2
Bootstrap fit 0.4
Bootstrap fit 0.2
Bootstrap fit 0.4
Bootstrap fit 0.4
Bootstrap fit 0.2
Bootstrap fit 0.2
Bootstrap fit 0.2
Bootstrap fit 0.2
Bootstrap fit 0.2
Bootstrap fit 0.2
Bootstrap fit 0.2
Bootstrap fit 0.2
Bootstrap fit 0.2
Bootstrap fit 0.2
Bootstrap fit 0.2
Bootstrap fit 0.2
Bootstrap fit 0.2
Bootstrap fit 0.2
Bootstrap fit 0.2
Bootstrap fit 0.2
Bootstrap fit 0.2
Bootstrap fit 0.2
Bootstrap fit 0.4
Bootstrap fit 0.2
Bootstrap fit 0.4
Bootstrap fit 0.2
Bootstrap fit 0.2
Bootstrap fit 0.4
Bootstrap fit 0.2
Bootstrap fit 0.2
Bootstrap fit 0.2
Bootstrap fit 0.2

Elapsed Time      :  2 minutes 1 second
End Time          :  06:17 PM GMT on 05 Feb 2020
