Program           :  ibdne.19Sep19.268.jar
Author            :  Copyright (C) 2015 Brian L. Browning
Available memory  :  10727 MB
Start Time        :  07:21 PM GMT on 09 Nov 2019

Parameters
  map             :  /home/sanjay/recombination_maps/Ag_genetic.map
  out             :  FRgam_ibdne
  mincm           :  2.0
  minregion       :  50.0
  trimcm          :  0.2
  filtersample    :  true
  npairs          :  data dependent
  nits            :  1000
  nboots          :  80
  gmax            :  300
  seed            :  -99999
  nthreads        :  1

Reading IBD segments               Done (elapsed time: 1 second)
Samples           : 24
segments read     : 2666
segments analyzed : 45

Estimating Ne [original data]      Done (elapsed time: 6 seconds)
Estimating Ne [bootstrap samples]

Original  fit 0.2
Bootstrap fit 0.2
Bootstrap fit 0.2
Bootstrap fit 0.2
Bootstrap fit 0.2
Bootstrap fit 0.2
Bootstrap fit 0.2
Bootstrap fit 0.2
Bootstrap fit 0.2
Bootstrap fit 0.2
Bootstrap fit 0.2
Bootstrap fit 0.2
Bootstrap fit 0.2
Bootstrap fit 0.2
Bootstrap fit 0.2
Bootstrap fit 0.2
Bootstrap fit 0.2
Bootstrap fit 0.2
Bootstrap fit 0.2
Bootstrap fit 0.2
Bootstrap fit 0.2
Bootstrap fit 0.2
Bootstrap fit 0.2
Bootstrap fit 0.2
Bootstrap fit 0.2
Bootstrap fit 0.2
Bootstrap fit 0.2
Bootstrap fit 0.2
Bootstrap fit 0.2
Bootstrap fit 0.2
Bootstrap fit 0.2
Bootstrap fit 0.2
Bootstrap fit 0.2
Bootstrap fit 0.2
Bootstrap fit 0.2
Bootstrap fit 0.2
Bootstrap fit 0.2
Bootstrap fit 0.2
Bootstrap fit 0.2
Bootstrap fit 0.2
Bootstrap fit 0.2
Bootstrap fit 0.2
Bootstrap fit 0.2
Bootstrap fit 0.2
Bootstrap fit 0.2
Bootstrap fit 0.2
Bootstrap fit 0.2
Bootstrap fit 0.2
Bootstrap fit 0.2
Bootstrap fit 0.2
Bootstrap fit 0.2
Bootstrap fit 0.2
Bootstrap fit 0.2
Bootstrap fit 0.2
Bootstrap fit 0.2
Bootstrap fit 0.2
Bootstrap fit 0.2
Bootstrap fit 0.2
Bootstrap fit 0.2
Bootstrap fit 0.2
Bootstrap fit 0.2
Bootstrap fit 0.2
Bootstrap fit 0.2
Bootstrap fit 0.2
Bootstrap fit 0.2
Bootstrap fit 0.2
Bootstrap fit 0.2
Bootstrap fit 0.2
Bootstrap fit 0.2
Bootstrap fit 0.2
Bootstrap fit 0.2
Bootstrap fit 0.2
Bootstrap fit 0.2
Bootstrap fit 0.2
Bootstrap fit 0.2
Bootstrap fit 0.2
Bootstrap fit 0.2
Bootstrap fit 0.2
Bootstrap fit 0.2
Bootstrap fit 0.2
Bootstrap fit 0.2

Elapsed Time      :  4 minutes 57 seconds
End Time          :  07:26 PM GMT on 09 Nov 2019
