Program           :  ibdne.19Sep19.268.jar
Author            :  Copyright (C) 2015 Brian L. Browning
Available memory  :  10727 MB
Start Time        :  05:58 PM GMT on 05 Feb 2020

Parameters
  map             :  data/Ag_genetic.map
  out             :  analysis/ibdne/GAgam_ibdne
  mincm           :  2.0
  minregion       :  50.0
  trimcm          :  0.2
  filtersample    :  true
  npairs          :  data dependent
  nits            :  1000
  nboots          :  80
  gmax            :  300
  seed            :  -99999
  nthreads        :  4

Reading IBD segments               Done (elapsed time: 1 second)
Samples           : 69
segments read     : 108265
segments analyzed : 1404

Estimating Ne [original data]      Done (elapsed time: 49 seconds)
Estimating Ne [bootstrap samples]

Original  fit 2.4
Bootstrap fit 2.4
Bootstrap fit 2.4
Bootstrap fit 2.8
Bootstrap fit 1.8
Bootstrap fit 2.4
Bootstrap fit 2.8
Bootstrap fit 2.8
Bootstrap fit 2.4
Bootstrap fit 1.8
Bootstrap fit 2.8
Bootstrap fit 2.8
Bootstrap fit 2.8
Bootstrap fit 2.4
Bootstrap fit 2.4
Bootstrap fit 2.4
Bootstrap fit 2.4
Bootstrap fit 1.8
Bootstrap fit 2.4
Bootstrap fit 2.4
Bootstrap fit 1.8
Bootstrap fit 2.8
Bootstrap fit 2.4
Bootstrap fit 2.8
Bootstrap fit 2.4
Bootstrap fit 1.8
Bootstrap fit 2.8
Bootstrap fit 2.8
Bootstrap fit 2.4
Bootstrap fit 2.4
Bootstrap fit 2.8
Bootstrap fit 2.4
Bootstrap fit 2.4
Bootstrap fit 1.8
Bootstrap fit 2.8
Bootstrap fit 2.4
Bootstrap fit 2.4
Bootstrap fit 1.8
Bootstrap fit 2.4
Bootstrap fit 2.8
Bootstrap fit 2.4
Bootstrap fit 2.4
Bootstrap fit 2.8
Bootstrap fit 2.4
Bootstrap fit 2.8
Bootstrap fit 1.8
Bootstrap fit 2.8
Bootstrap fit 1.8
Bootstrap fit 2.8
Bootstrap fit 2.4
Bootstrap fit 1.8
Bootstrap fit 1.8
Bootstrap fit 2.8
Bootstrap fit 1.8
Bootstrap fit 2.4
Bootstrap fit 2.8
Bootstrap fit 2.8
Bootstrap fit 2.4
Bootstrap fit 2.4
Bootstrap fit 2.4
Bootstrap fit 2.4
Bootstrap fit 2.4
Bootstrap fit 2.4
Bootstrap fit 2.4
Bootstrap fit 2.8
Bootstrap fit 2.4
Bootstrap fit 2.4
Bootstrap fit 2.8
Bootstrap fit 2.4
Bootstrap fit 2.8
Bootstrap fit 2.4
Bootstrap fit 2.4
Bootstrap fit 2.8
Bootstrap fit 1.8
Bootstrap fit 1.8
Bootstrap fit 2.4
Bootstrap fit 2.4
Bootstrap fit 1.8
Bootstrap fit 2.4
Bootstrap fit 2.4
Bootstrap fit 2.8

Elapsed Time      :  16 minutes 23 seconds
End Time          :  06:15 PM GMT on 05 Feb 2020
