Program           :  ibdne.19Sep19.268.jar
Author            :  Copyright (C) 2015 Brian L. Browning
Available memory  :  10727 MB
Start Time        :  06:48 PM GMT on 05 Feb 2020

Parameters
  map             :  data/Ag_genetic.map
  out             :  analysis/ibdne/GM_ibdne
  mincm           :  2.0
  minregion       :  50.0
  trimcm          :  0.2
  filtersample    :  true
  npairs          :  data dependent
  nits            :  1000
  nboots          :  80
  gmax            :  300
  seed            :  -99999
  nthreads        :  4

Reading IBD segments               Done (elapsed time: 1 second)
Samples           : 65
segments read     : 67490
segments analyzed : 649

Estimating Ne [original data]      Done (elapsed time: 10 seconds)
Estimating Ne [bootstrap samples]

Original  fit 1.3
Bootstrap fit 1.3
Bootstrap fit 2.2
Bootstrap fit 1.3
Bootstrap fit 1.3
Bootstrap fit 0.6
Bootstrap fit 2.2
Bootstrap fit 2.2
Bootstrap fit 1.3
Bootstrap fit 0.6
Bootstrap fit 2.2
Bootstrap fit 2.2
Bootstrap fit 2.2
Bootstrap fit 1.3
Bootstrap fit 1.3
Bootstrap fit 1.3
Bootstrap fit 1.3
Bootstrap fit 0.6
Bootstrap fit 1.3
Bootstrap fit 1.3
Bootstrap fit 2.2
Bootstrap fit 0.6
Bootstrap fit 2.2
Bootstrap fit 1.3
Bootstrap fit 1.3
Bootstrap fit 2.2
Bootstrap fit 2.2
Bootstrap fit 0.6
Bootstrap fit 1.3
Bootstrap fit 1.3
Bootstrap fit 2.2
Bootstrap fit 1.3
Bootstrap fit 1.3
Bootstrap fit 0.6
Bootstrap fit 2.2
Bootstrap fit 1.3
Bootstrap fit 2.2
Bootstrap fit 1.3
Bootstrap fit 1.3
Bootstrap fit 0.6
Bootstrap fit 1.3
Bootstrap fit 2.2
Bootstrap fit 1.3
Bootstrap fit 2.2
Bootstrap fit 1.3
Bootstrap fit 2.2
Bootstrap fit 2.2
Bootstrap fit 0.6
Bootstrap fit 1.3
Bootstrap fit 0.6
Bootstrap fit 2.2
Bootstrap fit 0.6
Bootstrap fit 0.6
Bootstrap fit 0.6
Bootstrap fit 2.2
Bootstrap fit 1.3
Bootstrap fit 2.2
Bootstrap fit 1.3
Bootstrap fit 1.3
Bootstrap fit 1.3
Bootstrap fit 1.3
Bootstrap fit 2.2
Bootstrap fit 1.3
Bootstrap fit 1.3
Bootstrap fit 1.3
Bootstrap fit 2.2
Bootstrap fit 1.3
Bootstrap fit 1.3
Bootstrap fit 1.3
Bootstrap fit 2.2
Bootstrap fit 1.3
Bootstrap fit 1.3
Bootstrap fit 2.2
Bootstrap fit 0.6
Bootstrap fit 1.3
Bootstrap fit 1.3
Bootstrap fit 0.6
Bootstrap fit 1.3
Bootstrap fit 0.6
Bootstrap fit 1.3
Bootstrap fit 2.2

Elapsed Time      :  3 minutes 26 seconds
End Time          :  06:51 PM GMT on 05 Feb 2020
