Program           :  ibdne.19Sep19.268.jar
Author            :  Copyright (C) 2015 Brian L. Browning
Available memory  :  10727 MB
Start Time        :  03:40 PM GMT on 21 Nov 2019

Parameters
  map             :  /home/sanjay/recombination_maps/Ag_genetic.map
  out             :  GNgam_ibdne
  mincm           :  2.0
  minregion       :  50.0
  trimcm          :  0.2
  filtersample    :  true
  npairs          :  data dependent
  nits            :  1000
  nboots          :  80
  gmax            :  300
  seed            :  -99999
  nthreads        :  1

Reading IBD segments               Done (elapsed time: 1 second)
Samples           : 40
segments read     : 5592
segments analyzed : 60

Estimating Ne [original data]      Done (elapsed time: 8 seconds)
Estimating Ne [bootstrap samples]

Original  fit 0.1
Bootstrap fit 0.1
Bootstrap fit 0.1
Bootstrap fit 0.1
Bootstrap fit 0.4
Bootstrap fit 0.1
Bootstrap fit 0.1
Bootstrap fit 0.1
Bootstrap fit 0.1
Bootstrap fit 0.1
Bootstrap fit 0.1
Bootstrap fit 0.4
Bootstrap fit 0.1
Bootstrap fit 0.1
Bootstrap fit 0.1
Bootstrap fit 0.1
Bootstrap fit 0.1
Bootstrap fit 0.4
Bootstrap fit 0.1
Bootstrap fit 0.1
Bootstrap fit 0.1
Bootstrap fit 0.4
Bootstrap fit 0.1
Bootstrap fit 0.1
Bootstrap fit 0.1
Bootstrap fit 0.1
Bootstrap fit 0.1
Bootstrap fit 0.4
Bootstrap fit 0.1
Bootstrap fit 0.1
Bootstrap fit 0.1
Bootstrap fit 0.1
Bootstrap fit 0.1
Bootstrap fit 0.1
Bootstrap fit 0.4
Bootstrap fit 0.1
Bootstrap fit 0.1
Bootstrap fit 0.1
Bootstrap fit 0.1
Bootstrap fit 0.4
Bootstrap fit 0.1
Bootstrap fit 0.1
Bootstrap fit 0.1
Bootstrap fit 0.1
Bootstrap fit 0.1
Bootstrap fit 0.1
Bootstrap fit 0.1
Bootstrap fit 0.4
Bootstrap fit 0.4
Bootstrap fit 0.1
Bootstrap fit 0.1
Bootstrap fit 0.4
Bootstrap fit 0.4
Bootstrap fit 0.4
Bootstrap fit 0.1
Bootstrap fit 0.1
Bootstrap fit 0.1
Bootstrap fit 0.1
Bootstrap fit 0.1
Bootstrap fit 0.1
Bootstrap fit 0.1
Bootstrap fit 0.1
Bootstrap fit 0.1
Bootstrap fit 0.1
Bootstrap fit 0.1
Bootstrap fit 0.1
Bootstrap fit 0.1
Bootstrap fit 0.1
Bootstrap fit 0.1
Bootstrap fit 0.1
Bootstrap fit 0.1
Bootstrap fit 0.1
Bootstrap fit 0.1
Bootstrap fit 0.4
Bootstrap fit 0.1
Bootstrap fit 0.4
Bootstrap fit 0.1
Bootstrap fit 0.4
Bootstrap fit 0.1
Bootstrap fit 0.1
Bootstrap fit 0.1

Elapsed Time      :  4 minutes 54 seconds
End Time          :  03:45 PM GMT on 21 Nov 2019
