Program           :  ibdne.19Sep19.268.jar
Author            :  Copyright (C) 2015 Brian L. Browning
Available memory  :  10727 MB
Start Time        :  05:34 PM GMT on 05 Feb 2020

Parameters
  map             :  data/Ag_genetic.map
  out             :  analysis/ibdne/GW_ibdne
  mincm           :  2.0
  minregion       :  50.0
  trimcm          :  0.2
  filtersample    :  true
  npairs          :  data dependent
  nits            :  1000
  nboots          :  80
  gmax            :  300
  seed            :  -99999
  nthreads        :  4

Reading IBD segments               Done (elapsed time: 2 seconds)
Samples           : 91
segments read     : 226283
segments analyzed : 125

Estimating Ne [original data]      Done (elapsed time: 41 seconds)
Estimating Ne [bootstrap samples]

Original  fit 0.7
Bootstrap fit 4.1
Bootstrap fit 0.7
Bootstrap fit 0.7
Bootstrap fit 4.1
Bootstrap fit 1.8
Bootstrap fit 4.1
Bootstrap fit 0.7
Bootstrap fit 4.1
Bootstrap fit 4.1
Bootstrap fit 1.8
Bootstrap fit 0.7
Bootstrap fit 4.1
Bootstrap fit 0.7
Bootstrap fit 0.7
Bootstrap fit 0.7
Bootstrap fit 1.8
Bootstrap fit 0.7
Bootstrap fit 0.7
Bootstrap fit 0.7
Bootstrap fit 4.1
Bootstrap fit 1.8
Bootstrap fit 4.1
Bootstrap fit 0.7
Bootstrap fit 4.1
Bootstrap fit 0.7
Bootstrap fit 4.1
Bootstrap fit 1.8
Bootstrap fit 4.1
Bootstrap fit 0.7
Bootstrap fit 0.7
Bootstrap fit 0.7
Bootstrap fit 4.1
Bootstrap fit 1.8
Bootstrap fit 0.7
Bootstrap fit 0.7
Bootstrap fit 0.7
Bootstrap fit 4.1
Bootstrap fit 0.7
Bootstrap fit 1.8
Bootstrap fit 4.1
Bootstrap fit 0.7
Bootstrap fit 0.7
Bootstrap fit 4.1
Bootstrap fit 0.7
Bootstrap fit 4.1
Bootstrap fit 4.1
Bootstrap fit 1.8
Bootstrap fit 1.8
Bootstrap fit 0.7
Bootstrap fit 4.1
Bootstrap fit 1.8
Bootstrap fit 1.8
Bootstrap fit 4.1
Bootstrap fit 1.8
Bootstrap fit 4.1
Bootstrap fit 0.7
Bootstrap fit 0.7
Bootstrap fit 0.7
Bootstrap fit 0.7
Bootstrap fit 0.7
Bootstrap fit 4.1
Bootstrap fit 0.7
Bootstrap fit 0.7
Bootstrap fit 0.7
Bootstrap fit 0.7
Bootstrap fit 4.1
Bootstrap fit 4.1
Bootstrap fit 0.7
Bootstrap fit 0.7
Bootstrap fit 0.7
Bootstrap fit 4.1
Bootstrap fit 0.7
Bootstrap fit 1.8
Bootstrap fit 0.7
Bootstrap fit 1.8
Bootstrap fit 1.8
Bootstrap fit 0.7
Bootstrap fit 0.7
Bootstrap fit 4.1
Bootstrap fit 0.7

Elapsed Time      :  12 minutes 45 seconds
End Time          :  05:46 PM GMT on 05 Feb 2020
