Program           :  ibdne.19Sep19.268.jar
Author            :  Copyright (C) 2015 Brian L. Browning
Available memory  :  10727 MB
Start Time        :  06:58 PM GMT on 09 Nov 2019

Parameters
  map             :  /home/sanjay/recombination_maps/Ag_genetic.map
  out             :  UGgam_ibdne
  mincm           :  2.0
  minregion       :  50.0
  trimcm          :  0.2
  filtersample    :  true
  npairs          :  data dependent
  nits            :  1000
  nboots          :  80
  gmax            :  300
  seed            :  -99999
  nthreads        :  1

Reading IBD segments               Done (elapsed time: 2 seconds)
Samples           : 112
segments read     : 392897
segments analyzed : 846

Estimating Ne [original data]      Done (elapsed time: 17 seconds)
Estimating Ne [bootstrap samples]

Original  fit 1.0
Bootstrap fit 1.0
Bootstrap fit 1.0
Bootstrap fit 1.0
Bootstrap fit 1.0
Bootstrap fit 1.0
Bootstrap fit 1.0
Bootstrap fit 1.0
Bootstrap fit 1.0
Bootstrap fit 1.0
Bootstrap fit 1.0
Bootstrap fit 1.0
Bootstrap fit 1.0
Bootstrap fit 1.0
Bootstrap fit 1.0
Bootstrap fit 1.0
Bootstrap fit 1.0
Bootstrap fit 1.0
Bootstrap fit 1.0
Bootstrap fit 1.0
Bootstrap fit 1.0
Bootstrap fit 1.0
Bootstrap fit 1.0
Bootstrap fit 1.0
Bootstrap fit 1.0
Bootstrap fit 1.0
Bootstrap fit 1.0
Bootstrap fit 1.0
Bootstrap fit 1.0
Bootstrap fit 1.0
Bootstrap fit 1.0
Bootstrap fit 1.0
Bootstrap fit 1.0
Bootstrap fit 1.0
Bootstrap fit 1.0
Bootstrap fit 1.0
Bootstrap fit 1.0
Bootstrap fit 1.0
Bootstrap fit 1.0
Bootstrap fit 1.0
Bootstrap fit 1.0
Bootstrap fit 1.0
Bootstrap fit 1.0
Bootstrap fit 1.0
Bootstrap fit 1.0
Bootstrap fit 1.0
Bootstrap fit 1.0
Bootstrap fit 1.0
Bootstrap fit 1.0
Bootstrap fit 1.0
Bootstrap fit 1.0
Bootstrap fit 1.0
Bootstrap fit 1.0
Bootstrap fit 1.0
Bootstrap fit 1.0
Bootstrap fit 1.0
Bootstrap fit 1.0
Bootstrap fit 1.0
Bootstrap fit 1.0
Bootstrap fit 1.0
Bootstrap fit 1.0
Bootstrap fit 1.0
Bootstrap fit 1.0
Bootstrap fit 1.0
Bootstrap fit 1.0
Bootstrap fit 1.0
Bootstrap fit 1.0
Bootstrap fit 1.0
Bootstrap fit 1.0
Bootstrap fit 1.0
Bootstrap fit 1.0
Bootstrap fit 1.0
Bootstrap fit 1.0
Bootstrap fit 1.0
Bootstrap fit 1.0
Bootstrap fit 1.0
Bootstrap fit 1.0
Bootstrap fit 1.0
Bootstrap fit 1.0
Bootstrap fit 1.0
Bootstrap fit 1.0

Elapsed Time      :  23 minutes 2 seconds
End Time          :  07:21 PM GMT on 09 Nov 2019
