Program           :  ibdseq r1206  (max memory: 10727 MB)
Start Time        :  10:29 PM GMT on 08 Nov 2019

Parameters
  gt              :  ../data/FRgam_3R.vcf
  out             :  FRgam_ibd_3R
  minalleles      :  2
  ibdlod          :  3.0
  ibdtrim         :  0.0
  errormax        :  0.001
  errorprop       :  0.25
  r2window        :  500
  r2max           :  0.15
  nthreads        :  1

Data Statistics
  samples         :  24
  markers         :  1145707
   >= minalleles  :  900648
   LD-thinned     :  19804  (2% of markers)
  segments/sample :  70.9
  mean IBD length :  0.27 Mb
  mean IBD depth  :  0.8

Wallclock Time:   :  3 minutes 22 seconds
End Time          :  10:32 PM GMT on 08 Nov 2019
