Program           :  ibdseq r1206  (max memory: 10727 MB)
Start Time        :  10:01 AM GMT on 10 Jan 2020

Parameters
  gt              :  data/vcfs/GHcol_3L.vcf
  out             :  analysis/ibd/GHcol_3L
  minalleles      :  2
  ibdlod          :  3.0
  ibdtrim         :  0.0
  errormax        :  0.001
  errorprop       :  0.25
  r2window        :  500
  r2max           :  0.15
  nthreads        :  4

Data Statistics
  samples         :  55
  markers         :  2701205
   >= minalleles  :  1793098
   LD-thinned     :  188327  (7% of markers)
  segments/sample :  320.2
  mean IBD length :  0.08 Mb
  mean IBD depth  :  1.0

Wallclock Time:   :  11 minutes 15 seconds
End Time          :  10:12 AM GMT on 10 Jan 2020
