Program           :  ibdseq r1206  (max memory: 10727 MB)
Start Time        :  10:31 AM GMT on 21 Nov 2019

Parameters
  gt              :  ../data/GNgam_3R.vcf
  out             :  GNgam_ibd_3R
  minalleles      :  2
  ibdlod          :  3.0
  ibdtrim         :  0.0
  errormax        :  0.001
  errorprop       :  0.25
  r2window        :  500
  r2max           :  0.15
  nthreads        :  1

Data Statistics
  samples         :  40
  markers         :  4216093
   >= minalleles  :  2243053
   LD-thinned     :  239830  (6% of markers)
  segments/sample :  100.7
  mean IBD length :  0.12 Mb
  mean IBD depth  :  0.4

Wallclock Time:   :  23 minutes 9 seconds
End Time          :  10:54 AM GMT on 21 Nov 2019
