Program           :  ibdseq r1206  (max memory: 10727 MB)
Start Time        :  04:17 PM GMT on 18 Nov 2019

Parameters
  gt              :  ../data/GQgam_3L.vcf
  out             :  GQgam_ibd_3L
  minalleles      :  2
  ibdlod          :  3.0
  ibdtrim         :  0.0
  errormax        :  0.001
  errorprop       :  0.25
  r2window        :  500
  r2max           :  0.15
  nthreads        :  1

Data Statistics
  samples         :  9
  markers         :  1274977
   >= minalleles  :  719306
   LD-thinned     :  35205  (3% of markers)
  segments/sample :  16.9
  mean IBD length :  0.22 Mb
  mean IBD depth  :  0.2

Wallclock Time:   :  1 minutes 1 seconds
End Time          :  04:18 PM GMT on 18 Nov 2019
