Program           :  ibdseq r1206  (max memory: 10727 MB)
Start Time        :  04:15 PM GMT on 18 Nov 2019

Parameters
  gt              :  ../data/GQgam_3R.vcf
  out             :  GQgam_ibd_3R
  minalleles      :  2
  ibdlod          :  3.0
  ibdtrim         :  0.0
  errormax        :  0.001
  errorprop       :  0.25
  r2window        :  500
  r2max           :  0.15
  nthreads        :  1

Data Statistics
  samples         :  9
  markers         :  1748281
   >= minalleles  :  964861
   LD-thinned     :  47814  (3% of markers)
  segments/sample :  24.3
  mean IBD length :  0.13 Mb
  mean IBD depth  :  0.1

Wallclock Time:   :  1 minutes 30 seconds
End Time          :  04:17 PM GMT on 18 Nov 2019
