Program           :  ibdseq r1206  (max memory: 10727 MB)
Start Time        :  04:04 PM GMT on 08 Nov 2019

Parameters
  gt              :  ../data/KE_3R.vcf
  out             :  KE_ibd_3R
  minalleles      :  2
  ibdlod          :  3.0
  ibdtrim         :  0.0
  errormax        :  0.001
  errorprop       :  0.25
  r2window        :  500
  r2max           :  0.15
  nthreads        :  1

Data Statistics
  samples         :  48
  markers         :  955199
   >= minalleles  :  788271
   LD-thinned     :  12038  (1% of markers)
  segments/sample :  114.2
  mean IBD length :  1.63 Mb
  mean IBD depth  :  7.4

Wallclock Time:   :  9 minutes 22 seconds
End Time          :  04:14 PM GMT on 08 Nov 2019
