Program           :  ibdseq r1206  (max memory: 10727 MB)
Start Time        :  04:20 PM GMT on 08 Nov 2019

Parameters
  gt              :  ../data/UGgam_3R.vcf
  out             :  UGgam_ibd_3R
  minalleles      :  2
  ibdlod          :  3.0
  ibdtrim         :  0.0
  errormax        :  0.001
  errorprop       :  0.25
  r2window        :  500
  r2max           :  0.15
  nthreads        :  1

Data Statistics
  samples         :  112
  markers         :  5830358
   >= minalleles  :  3663386
   LD-thinned     :  659514  (11% of markers)
  segments/sample :  2028.9
  mean IBD length :  0.04 Mb
  mean IBD depth  :  2.8

Wallclock Time:   :  3 hours 19 minutes 38 seconds
End Time          :  07:40 PM GMT on 08 Nov 2019
