Program           :  ibdseq r1206  (max memory: 10727 MB)
Start Time        :  07:40 PM GMT on 08 Nov 2019

Parameters
  gt              :  ../data/UGgam_3L.vcf
  out             :  UGgam_ibd_3L
  minalleles      :  2
  ibdlod          :  3.0
  ibdtrim         :  0.0
  errormax        :  0.001
  errorprop       :  0.25
  r2window        :  500
  r2max           :  0.15
  nthreads        :  1

Data Statistics
  samples         :  112
  markers         :  4327443
   >= minalleles  :  2661621
   LD-thinned     :  497393  (11% of markers)
  segments/sample :  1547.9
  mean IBD length :  0.04 Mb
  mean IBD depth  :  2.3

Wallclock Time:   :  2 hours 48 minutes 49 seconds
End Time          :  10:29 PM GMT on 08 Nov 2019
