Output from NeEstimator v2.1
Starting time: Mon Jan 13 16:55:43 2020
Input File #1: "data/dat/FRgam_3R.dat"

Number of Loci = 10000

Non-polymorphic loci:     1,     3,     6,     7,     8,     9,    19,    21,
           22,    25,    26,    33,    34,    35,    36,    48,    53,    62,
           73,    81,    94,    97,   101,   123,   125,   130,   136,   137,
          148,   173,   184,   187,   195,   205,   206,   207,   208,   219,
          226,   228,   231,   232,   234,   240,   245,   267,   274,   282,
          288,   293,   307,   312,   321,   324,   330,   334,   357,   362,
          363,   367,   390,   398,   399,   408,   429,   431,   432,   438,
          447,   449,   452,   462,   464,   472,   474,   475,   478,   480,
          483,   489,   492,   502,   506,   509,   511,   534,   543,   549,
          560,   565,   647,   651,   665,   674,   679,   680,   727,   731,
          742,   747,   760,   765,   768,   773,   774,   775,   786,   799,
          804,   827,   848,   861,   880,   883,   891,   953,   955,   956,
          998,  1010,  1023,  1033,  1043,  1051,  1053,  1054,  1057,  1058,
         1063,  1064,  1066,  1068,  1072,  1093,  1102,  1105,  1106,  1110,
         1127,  1145,  1165,  1179,  1181,  1213,  1241,  1242,  1256,  1268,
         1274,  1289,  1292,  1302,  1304,  1313,  1314,  1322,  1336,  1352,
         1364,  1365,  1399,  1400,  1415,  1430,  1438,  1439,  1457,  1478,
         1499,  1514,  1550,  1551,  1556,  1567,  1593,  1597,  1604,  1610,
         1611,  1612,  1614,  1615,  1638,  1684,  1727,  1742,  1750,  1765,
         1770,  1771,  1772,  1778,  1781,  1782,  1786,  1815,  1817,  1871,
         1878,  1891,  1923,  1934,  1956,  1962,  1983,  1985,  1991,  1994,
         1999,  2001,  2006,  2008,  2017,  2022,  2023,  2044,  2055,  2077,
         2079,  2090,  2120,  2125,  2128,  2130,  2132,  2136,  2139,  2144,
         2153,  2165,  2171,  2181,  2187,  2218,  2232,  2236,  2244,  2252,
         2257,  2258,  2259,  2269,  2279,  2283,  2295,  2304,  2305,  2313,
         2339,  2348,  2350,  2373,  2382,  2390,  2399,  2402,  2404,  2420,
         2421,  2434,  2436,  2460,  2501,  2504,  2508,  2511,  2517,  2527,
         2544,  2550,  2553,  2564,  2570,  2573,  2577,  2580,  2589,  2620,
         2653,  2668,  2677,  2678,  2687,  2711,  2715,  2719,  2721,  2736,
         2760,  2765,  2779,  2785,  2808,  2818,  2832,  2840,  2848,  2849,
         2856,  2860,  2863,  2866,  2871,  2873,  2879,  2881,  2883,  2887,
         2893,  2909,  2919,  2957,  2975,  2985,  2987,  3014,  3015,  3019,
         3023,  3049,  3050,  3060,  3072,  3075,  3076,  3096,  3098,  3101,
         3106,  3108,  3111,  3118,  3123,  3124,  3126,  3139,  3142,  3144,
         3153,  3166,  3169,  3171,  3198,  3201,  3224,  3226,  3227,  3229,
         3234,  3237,  3260,  3266,  3267,  3287,  3308,  3312,  3324,  3332,
         3349,  3356,  3358,  3368,  3403,  3404,  3412,  3428,  3430,  3436,
         3439,  3449,  3450,  3456,  3458,  3467,  3473,  3480,  3484,  3493,
         3497,  3507,  3508,  3513,  3515,  3525,  3532,  3541,  3560,  3577,
         3580,  3587,  3600,  3601,  3609,  3624,  3632,  3649,  3653,  3660,
         3666,  3669,  3674,  3676,  3678,  3679,  3700,  3715,  3727,  3738,
         3741,  3770,  3775,  3818,  3821,  3831,  3834,  3840,  3848,  3850,
         3853,  3855,  3865,  3869,  3903,  3905,  3935,  3945,  3947,  3950,
         3953,  3963,  3964,  3965,  3971,  3978,  3990,  3996,  4001,  4018,
         4024,  4032,  4035,  4036,  4048,  4049,  4050,  4051,  4055,  4067,
         4079,  4098,  4112,  4116,  4140,  4141,  4143,  4161,  4167,  4174,
         4177,  4178,  4183,  4202,  4209,  4223,  4232,  4233,  4259,  4281,
         4283,  4317,  4352,  4366,  4374,  4376,  4390,  4399,  4409,  4417,
         4419,  4432,  4435,  4442,  4443,  4459,  4462,  4484,  4506,  4509,
         4512,  4525,  4526,  4529,  4540,  4541,  4572,  4574,  4575,  4598,
         4599,  4602,  4607,  4630,  4657,  4660,  4661,  4673,  4680,  4681,
         4686,  4694,  4695,  4696,  4710,  4711,  4718,  4719,  4731,  4732,
         4735,  4741,  4743,  4755,  4775,  4778,  4780,  4799,  4831,  4840,
         4875,  4887,  4898,  4912,  4938,  4980,  5004,  5007,  5011,  5012,
         5013,  5049,  5062,  5063,  5065,  5066,  5076,  5126,  5138,  5157,
         5159,  5160,  5168,  5174,  5180,  5189,  5191,  5202,  5233,  5237,
         5238,  5239,  5242,  5246,  5252,  5255,  5261,  5265,  5271,  5300,
         5314,  5324,  5327,  5329,  5334,  5336,  5344,  5352,  5353,  5363,
         5378,  5380,  5387,  5401,  5404,  5432,  5442,  5445,  5450,  5452,
         5469,  5479,  5496,  5502,  5505,  5511,  5514,  5540,  5542,  5558,
         5562,  5576,  5583,  5590,  5597,  5601,  5613,  5642,  5648,  5651,
         5664,  5673,  5676,  5695,  5706,  5708,  5718,  5722,  5726,  5732,
         5741,  5758,  5764,  5767,  5771,  5783,  5799,  5803,  5804,  5810,
         5816,  5827,  5880,  5884,  5886,  5887,  5899,  5907,  5911,  5914,
         5927,  5929,  5930,  5936,  5941,  5949,  5950,  5951,  5955,  5967,
         5974,  5975,  6003,  6005,  6021,  6023,  6029,  6043,  6066,  6078,
         6092,  6106,  6129,  6138,  6141,  6154,  6158,  6176,  6178,  6183,
         6187,  6196,  6198,  6201,  6202,  6207,  6211,  6219,  6220,  6223,
         6229,  6248,  6255,  6258,  6271,  6272,  6278,  6287,  6288,  6296,
         6302,  6309,  6324,  6328,  6338,  6345,  6348,  6349,  6351,  6358,
         6359,  6374,  6386,  6404,  6409,  6418,  6423,  6425,  6430,  6447,
         6470,  6471,  6486,  6517,  6533,  6535,  6565,  6585,  6589,  6598,
         6610,  6618,  6628,  6632,  6640,  6648,  6655,  6657,  6661,  6672,
         6688,  6693,  6709,  6726,  6738,  6770,  6804,  6845,  6862,  6865,
         6888,  6891,  6901,  6913,  6914,  6919,  6923,  6954,  6956,  6969,
         6979,  6997,  7018,  7030,  7037,  7058,  7061,  7093,  7140,  7152,
         7195,  7222,  7227,  7268,  7292,  7295,  7316,  7335,  7349,  7364,
         7369,  7372,  7382,  7402,  7411,  7448,  7463,  7470,  7479,  7485,
         7506,  7518,  7539,  7562,  7564,  7580,  7611,  7627,  7659,  7660,
         7663,  7686,  7736,  7740,  7751,  7755,  7777,  7795,  7797,  7829,
         7905,  7915,  7919,  7927,  7942,  7949,  7951,  7961,  7963,  7978,
         7979,  8011,  8014,  8029,  8097,  8114,  8115,  8120,  8131,  8145,
         8191,  8192,  8207,  8211,  8233,  8234,  8244,  8248,  8275,  8279,
         8301,  8303,  8315,  8317,  8320,  8321,  8340,  8341,  8382,  8392,
         8411,  8421,  8434,  8442,  8451,  8472,  8473,  8476,  8477,  8488,
         8505,  8511,  8548,  8549,  8566,  8569,  8589,  8602,  8631,  8644,
         8649,  8658,  8662,  8683,  8688,  8689,  8690,  8706,  8713,  8724,
         8729,  8736,  8739,  8750,  8768,  8773,  8776,  8786,  8791,  8811,
         8836,  8837,  8852,  8876,  8878,  8883,  8885,  8900,  8904,  8919,
         8921,  8943,  8950,  9011,  9042,  9047,  9077,  9080,  9093,  9096,
         9132,  9134,  9138,  9140,  9147,  9149,  9171,  9173,  9193,  9227,
         9239,  9261,  9267,  9274,  9277,  9278,  9327,  9346,  9349,  9372,
         9402,  9407,  9428,  9442,  9451,  9453,  9458,  9463,  9470,  9486,
         9535,  9545,  9553,  9584,  9599,  9609,  9637,  9639,  9642,  9652,
         9723,  9731,  9745,  9752,  9779,  9801,  9805,  9815,  9820,  9852,
         9887,  9889,  9892,  9899,  9917,  9970,  9974,  9989
Total non-polymorphic = 956

LD mating model: Random

Population     1 [FRgam_3R]  (Number of Individuals = 24)
****************
--------------------------------------------------------------------------
Lowest Allele Frequency Used     0.050       0.020       0.010         0+
--------------------------------------------------------------------------

LINKAGE DISEQUILIBRIUM METHOD

Harmonic Mean Sample Size =       24.0        24.0        24.0        24.0
Independent Comparisons =   26472933    42343531    42343531    42343531
OverAll r^2 =                 0.050118    0.049236    0.049236    0.049236
Expected r^2 Sample =         0.047365    0.047364    0.047364    0.047364
Estimated Ne^ =                  110.2       162.8       162.8       162.8

95% CIs for Ne^
* Parametric                     109.1       161.0       161.0       161.0
                                 111.3       164.7       164.7       164.7

* JackKnife on Samples            87.3       128.3       128.3       128.3
                                 147.7       221.0       221.0       221.0

**************************************************************************

Ending time: Mon Jan 13 17:08:41 2020
-------------------------------------

