Output from NeEstimator v2.1
Starting time: Thu Apr 30 12:08:45 2020
Input File #1: "data/dat/BFgam_3R.dat"

Number of Loci = 20000

LD mating model: Random

Population     1 [BFgam_3R]  (Number of Individuals = 92)
****************
--------------------------------------
Lowest Allele Frequency Used     0.050  
--------------------------------------

LINKAGE DISEQUILIBRIUM METHOD

Harmonic Mean Sample Size =       92.0
Independent Comparisons =   10334654
OverAll r^2 =                 0.011391
Expected r^2 Sample =         0.011246
Estimated Ne^ =                 2298.1

95% CIs for Ne^
* Parametric                    2152.0
                                2465.2

* JackKnife on Samples          1334.0
                                7979.6

**************************************

Ending time: Thu Apr 30 12:12:31 2020
-------------------------------------

