Output from NeEstimator v2.1
Starting time: Sat Jan 18 23:45:00 2020
Input File #1: "data/dat/GNcol_3R.dat"

Number of Loci = 10000

Non-polymorphic loci:     3,    15,    20,    94,    96,   107,   148,   160,
          165,   189,   193,   203,   205,   212,   214,   219,   226,   233,
          236,   246,   274,   275,   297,   319,   340,   349,   354,   359,
          369,   377,   386,   387,   391,   393,   394,   416,   418,   425,
          429,   435,   442,   454,   484,   490,   500,   526,   532,   534,
          546,   557,   584,   591,   595,   597,   605,   617,   659,   710,
          712,   729,   731,   744,   765,   798,   802,   822,   826,   858,
          859,   871,   877,   888,   891,   911,   918,   936,   961,   977,
          980,   990,  1030,  1043,  1053,  1055,  1057,  1059,  1070,  1074,
         1085,  1089,  1103,  1119,  1123,  1172,  1176,  1180,  1189,  1200,
         1217,  1218,  1225,  1231,  1252,  1269,  1272,  1291,  1305,  1315,
         1332,  1333,  1341,  1353,  1355,  1384,  1394,  1416,  1429,  1460,
         1468,  1478,  1550,  1578,  1615,  1637,  1638,  1669,  1704,  1738,
         1760,  1765,  1781,  1791,  1803,  1809,  1815,  1874,  1878,  1896,
         1897,  1903,  1924,  1929,  1930,  1933,  1949,  1960,  1966,  1971,
         1978,  1990,  1997,  1998,  2015,  2020,  2024,  2031,  2039,  2062,
         2096,  2122,  2124,  2125,  2137,  2177,  2194,  2215,  2225,  2251,
         2278,  2291,  2292,  2296,  2306,  2338,  2351,  2370,  2379,  2381,
         2389,  2404,  2409,  2420,  2432,  2433,  2443,  2450,  2454,  2460,
         2477,  2513,  2534,  2537,  2550,  2565,  2567,  2592,  2631,  2650,
         2653,  2669,  2675,  2699,  2721,  2734,  2750,  2756,  2769,  2777,
         2780,  2785,  2795,  2796,  2807,  2817,  2836,  2840,  2847,  2881,
         2903,  2908,  2921,  2924,  2950,  2953,  2963,  2973,  2978,  2990,
         2996,  2999,  3020,  3026,  3030,  3063,  3081,  3083,  3085,  3106,
         3110,  3117,  3173,  3185,  3193,  3209,  3215,  3218,  3222,  3238,
         3245,  3297,  3301,  3306,  3332,  3333,  3338,  3400,  3402,  3410,
         3424,  3425,  3427,  3431,  3435,  3443,  3444,  3454,  3460,  3475,
         3479,  3481,  3488,  3507,  3548,  3560,  3582,  3598,  3615,  3626,
         3634,  3638,  3644,  3656,  3682,  3695,  3732,  3737,  3746,  3749,
         3769,  3788,  3807,  3819,  3823,  3843,  3845,  3847,  3858,  3859,
         3869,  3870,  3872,  3879,  3922,  3931,  3943,  3948,  3968,  3977,
         3982,  3991,  4005,  4007,  4013,  4016,  4038,  4042,  4063,  4064,
         4070,  4071,  4092,  4095,  4108,  4142,  4158,  4176,  4199,  4202,
         4216,  4224,  4232,  4242,  4245,  4261,  4308,  4309,  4319,  4341,
         4354,  4357,  4359,  4365,  4375,  4387,  4416,  4419,  4450,  4461,
         4468,  4472,  4473,  4484,  4491,  4521,  4525,  4529,  4549,  4550,
         4556,  4569,  4577,  4590,  4593,  4594,  4622,  4626,  4627,  4632,
         4638,  4646,  4656,  4667,  4678,  4683,  4690,  4718,  4726,  4741,
         4779,  4801,  4823,  4830,  4834,  4837,  4841,  4847,  4860,  4862,
         4874,  4897,  4907,  4908,  4912,  4915,  4937,  4973,  4979,  4981,
         5019,  5030,  5063,  5070,  5075,  5081,  5092,  5099,  5119,  5144,
         5175,  5182,  5187,  5195,  5196,  5206,  5222,  5225,  5226,  5234,
         5263,  5269,  5271,  5274,  5283,  5287,  5290,  5293,  5294,  5323,
         5339,  5341,  5364,  5382,  5385,  5400,  5401,  5421,  5428,  5443,
         5444,  5456,  5466,  5477,  5479,  5489,  5491,  5493,  5496,  5498,
         5518,  5527,  5543,  5563,  5599,  5605,  5610,  5612,  5615,  5617,
         5619,  5637,  5649,  5666,  5677,  5707,  5709,  5719,  5720,  5723,
         5724,  5765,  5779,  5784,  5795,  5801,  5806,  5825,  5866,  5867,
         5892,  5910,  5913,  5915,  5925,  5930,  5936,  5943,  5952,  5955,
         5957,  5965,  5966,  5976,  5984,  5995,  5999,  6009,  6010,  6012,
         6023,  6033,  6042,  6060,  6078,  6080,  6091,  6096,  6104,  6109,
         6144,  6149,  6156,  6159,  6160,  6179,  6180,  6184,  6201,  6204,
         6226,  6228,  6230,  6234,  6245,  6255,  6284,  6289,  6307,  6344,
         6349,  6406,  6418,  6430,  6445,  6451,  6470,  6487,  6489,  6493,
         6501,  6502,  6554,  6559,  6566,  6574,  6576,  6585,  6589,  6600,
         6623,  6628,  6638,  6641,  6642,  6646,  6653,  6672,  6682,  6684,
         6699,  6704,  6712,  6726,  6744,  6750,  6779,  6801,  6827,  6829,
         6831,  6832,  6859,  6871,  6889,  6899,  6909,  6937,  6946,  6948,
         6964,  6967,  7001,  7010,  7011,  7016,  7033,  7039,  7054,  7058,
         7093,  7097,  7119,  7135,  7138,  7156,  7166,  7172,  7180,  7192,
         7214,  7234,  7245,  7251,  7252,  7263,  7276,  7289,  7308,  7312,
         7324,  7326,  7329,  7344,  7350,  7371,  7421,  7431,  7433,  7435,
         7443,  7470,  7476,  7486,  7496,  7502,  7503,  7506,  7509,  7521,
         7543,  7552,  7571,  7572,  7578,  7610,  7611,  7613,  7622,  7627,
         7642,  7724,  7735,  7738,  7741,  7745,  7750,  7755,  7771,  7776,
         7813,  7837,  7847,  7848,  7854,  7871,  7885,  7907,  7913,  7916,
         7935,  7945,  7970,  7993,  8009,  8018,  8048,  8057,  8059,  8063,
         8076,  8086,  8095,  8116,  8142,  8143,  8160,  8165,  8171,  8175,
         8204,  8209,  8212,  8227,  8264,  8274,  8285,  8287,  8294,  8299,
         8320,  8338,  8340,  8357,  8362,  8364,  8365,  8379,  8380,  8381,
         8403,  8409,  8415,  8439,  8441,  8466,  8490,  8491,  8492,  8504,
         8516,  8533,  8545,  8552,  8575,  8606,  8613,  8614,  8617,  8626,
         8631,  8639,  8669,  8675,  8720,  8730,  8736,  8739,  8742,  8774,
         8776,  8780,  8781,  8819,  8825,  8845,  8849,  8859,  8875,  8883,
         8899,  8922,  8933,  8938,  8953,  8973,  8975,  8982,  8992,  8997,
         9000,  9036,  9037,  9042,  9045,  9047,  9053,  9061,  9070,  9099,
         9117,  9136,  9187,  9202,  9208,  9222,  9223,  9227,  9230,  9236,
         9252,  9260,  9278,  9294,  9302,  9319,  9348,  9351,  9389,  9390,
         9391,  9407,  9410,  9414,  9417,  9421,  9422,  9427,  9431,  9449,
         9457,  9471,  9488,  9505,  9536,  9553,  9605,  9624,  9626,  9635,
         9656,  9658,  9666,  9683,  9686,  9687,  9696,  9719,  9772,  9776,
         9778,  9785,  9786,  9790,  9796,  9797,  9810,  9812,  9819,  9823,
         9826,  9837,  9848,  9857,  9863,  9866,  9871,  9877,  9885,  9894,
         9920,  9932,  9944,  9959,  9960,  9961,  9974,  9977,  9980,  9981,
         9985
Total non-polymorphic = 839

LD mating model: Random

Population     1 [GNcol_3R]  (Number of Individuals = 4)
****************
--------------------------------------------------------------------------
Lowest Allele Frequency Used     0.050       0.020       0.010         0+
--------------------------------------------------------------------------

LINKAGE DISEQUILIBRIUM METHOD

Harmonic Mean Sample Size =        4.0         4.0         4.0         4.0
Independent Comparisons =   43406665    43406665    43406665    43406665
OverAll r^2 =                 0.508447    0.508447    0.508447    0.508447
Expected r^2 Sample =         0.506081    0.506081    0.506081    0.506081
Estimated Ne^ =                  128.5       128.5       128.5       128.5

95% CIs for Ne^
* Parametric                     117.7       117.7       117.7       117.7
                                 141.4       141.4       141.4       141.4

* JackKnife on Samples            18.6        18.6        18.6        18.6
                              Infinite    Infinite    Infinite    Infinite

**************************************************************************

Ending time: Sat Jan 18 23:50:15 2020
-------------------------------------

