Output from NeEstimator v2.1
Starting time: Thu Apr 30 13:05:13 2020
Input File #1: "data/dat/GM_3R.dat"

Number of Loci = 20000

LD mating model: Random

Population     1 [GM_3R]  (Number of Individuals = 65)
****************
--------------------------------------
Lowest Allele Frequency Used     0.050  
--------------------------------------

LINKAGE DISEQUILIBRIUM METHOD

Harmonic Mean Sample Size =       65.0
Independent Comparisons =   28663082
OverAll r^2 =                 0.016514
Expected r^2 Sample =         0.016140
Estimated Ne^ =                  888.3

95% CIs for Ne^
* Parametric                     868.4
                                 909.1

* JackKnife on Samples           755.2
                                1076.9

**************************************

Ending time: Thu Apr 30 13:12:19 2020
-------------------------------------

