Output from NeEstimator v2.1
Starting time: Thu Apr 30 13:50:34 2020
Input File #1: "data/dat/GHgam_3L.dat"

Number of Loci = 20000

LD mating model: Random

Population     1 [GHgam_3L]  (Number of Individuals = 12)
****************
--------------------------------------
Lowest Allele Frequency Used     0.050  
--------------------------------------

LINKAGE DISEQUILIBRIUM METHOD

Harmonic Mean Sample Size =       12.0
Independent Comparisons =   59660834
OverAll r^2 =                 0.109157
Expected r^2 Sample =         0.108217
Estimated Ne^ =                  325.7

95% CIs for Ne^
* Parametric                     312.6
                                 340.0

* JackKnife on Samples           103.9
                              Infinite

**************************************

Ending time: Thu Apr 30 13:53:23 2020
-------------------------------------

