Output from NeEstimator v2.1
Starting time: Fri Jan 17 15:54:32 2020
Input File #1: "data/dat/GQgam_3R.dat"

Number of Loci = 10000

Non-polymorphic loci:    39,    43,    54,    89,   103,   112,   137,   231,
          250,   260,   287,   308,   322,   401,   424,   426,   428,   498,
          544,   572,   600,   621,   631,   636,   640,   644,   661,   788,
          804,   841,   883,   891,   904,   964,   972,   980,   993,  1023,
         1024,  1052,  1097,  1184,  1192,  1227,  1233,  1267,  1271,  1298,
         1305,  1320,  1344,  1347,  1383,  1394,  1416,  1431,  1484,  1499,
         1544,  1577,  1588,  1631,  1633,  1639,  1667,  1674,  1697,  1711,
         1751,  1775,  1780,  1787,  1798,  1819,  1847,  1874,  1922,  2034,
         2057,  2073,  2075,  2115,  2127,  2138,  2193,  2200,  2265,  2266,
         2281,  2286,  2323,  2362,  2380,  2419,  2447,  2467,  2545,  2550,
         2551,  2562,  2564,  2597,  2610,  2622,  2644,  2671,  2678,  2692,
         2698,  2752,  2811,  2857,  2870,  2875,  2902,  2947,  2952,  3031,
         3044,  3093,  3131,  3144,  3177,  3185,  3241,  3302,  3370,  3399,
         3413,  3428,  3441,  3460,  3482,  3488,  3507,  3533,  3540,  3552,
         3566,  3586,  3591,  3632,  3660,  3686,  3693,  3728,  3780,  3906,
         3917,  3923,  3970,  3976,  3986,  4086,  4118,  4172,  4179,  4181,
         4185,  4187,  4202,  4220,  4259,  4319,  4340,  4347,  4385,  4394,
         4472,  4474,  4502,  4507,  4558,  4561,  4567,  4579,  4589,  4619,
         4686,  4743,  4758,  4774,  4776,  4795,  4807,  4839,  4844,  4858,
         4871,  4874,  4904,  4915,  5038,  5041,  5081,  5090,  5093,  5134,
         5142,  5144,  5169,  5182,  5236,  5244,  5280,  5290,  5336,  5343,
         5361,  5380,  5404,  5443,  5525,  5541,  5546,  5547,  5548,  5558,
         5575,  5580,  5593,  5640,  5660,  5687,  5709,  5714,  5741,  5759,
         5761,  5769,  5772,  5784,  5819,  5828,  5832,  5839,  5860,  5869,
         5923,  5926,  5932,  5933,  5967,  5992,  6007,  6024,  6030,  6036,
         6070,  6093,  6094,  6095,  6103,  6112,  6116,  6129,  6139,  6191,
         6195,  6198,  6249,  6286,  6346,  6360,  6383,  6384,  6429,  6431,
         6467,  6476,  6478,  6493,  6502,  6515,  6547,  6581,  6637,  6676,
         6726,  6730,  6744,  6783,  6784,  6813,  6818,  6824,  6900,  6905,
         6948,  6956,  6973,  6982,  7034,  7094,  7159,  7191,  7201,  7207,
         7260,  7480,  7484,  7490,  7515,  7525,  7693,  7760,  7767,  7821,
         7830,  7831,  7905,  7949,  7970,  8028,  8038,  8138,  8153,  8162,
         8163,  8169,  8172,  8183,  8200,  8203,  8208,  8218,  8226,  8252,
         8262,  8266,  8303,  8314,  8381,  8419,  8426,  8455,  8487,  8490,
         8492,  8509,  8538,  8547,  8585,  8601,  8602,  8619,  8632,  8650,
         8684,  8691,  8699,  8735,  8792,  8793,  8798,  8801,  8803,  8827,
         8841,  8854,  8857,  8868,  8884,  8908,  8927,  8942,  8982,  8995,
         8998,  9021,  9034,  9087,  9098,  9162,  9184,  9186,  9187,  9209,
         9231,  9243,  9250,  9264,  9283,  9345,  9356,  9364,  9378,  9413,
         9459,  9460,  9474,  9484,  9500,  9545,  9556,  9628,  9682,  9698,
         9764,  9772,  9834,  9848,  9876,  9882,  9887,  9914,  9928,  9932,
         9958,  9966,  9997
Total non-polymorphic = 411

LD mating model: Random

Population     1 [GQgam_3R]  (Number of Individuals = 9)
****************
--------------------------------------------------------------------------
Lowest Allele Frequency Used     0.050       0.020       0.010         0+
--------------------------------------------------------------------------

LINKAGE DISEQUILIBRIUM METHOD

Harmonic Mean Sample Size =        9.0         9.0         9.0         9.0
Independent Comparisons =   48537974    48537974    48537974    48537974
OverAll r^2 =                 0.153615    0.153615    0.153615    0.153615
Expected r^2 Sample =         0.157459    0.157459    0.157459    0.157459
Estimated Ne^ =               Infinite    Infinite    Infinite    Infinite

95% CIs for Ne^
* Parametric                  Infinite    Infinite    Infinite    Infinite
                              Infinite    Infinite    Infinite    Infinite

* JackKnife on Samples        Infinite    Infinite    Infinite    Infinite
                              Infinite    Infinite    Infinite    Infinite

**************************************************************************

Ending time: Fri Jan 17 16:02:18 2020
-------------------------------------

