Output from NeEstimator v2.1
Starting time: Thu Apr 30 12:20:01 2020
Input File #1: "data/dat/AOcol_3R.dat"

Number of Loci = 20000

LD mating model: Random

Population     1 [AOcol_3R]  (Number of Individuals = 78)
****************
--------------------------------------
Lowest Allele Frequency Used     0.050  
--------------------------------------

LINKAGE DISEQUILIBRIUM METHOD

Harmonic Mean Sample Size =       78.0
Independent Comparisons =   61365987
OverAll r^2 =                 0.014417
Expected r^2 Sample =         0.013345
Estimated Ne^ =                  308.8

95% CIs for Ne^
* Parametric                     307.3
                                 310.3

* JackKnife on Samples           169.4
                                1216.5

**************************************

Ending time: Thu Apr 30 12:33:51 2020
-------------------------------------

