Output from NeEstimator v2.1
Starting time: Thu Apr 30 13:06:57 2020
Input File #1: "data/dat/GHcol_3L.dat"

Number of Loci = 20000

LD mating model: Random

Population     1 [GHcol_3L]  (Number of Individuals = 55)
****************
--------------------------------------
Lowest Allele Frequency Used     0.050  
--------------------------------------

LINKAGE DISEQUILIBRIUM METHOD

Harmonic Mean Sample Size =       55.0
Independent Comparisons =   26567744
OverAll r^2 =                 0.019620
Expected r^2 Sample =         0.019236
Estimated Ne^ =                  867.4

95% CIs for Ne^
* Parametric                     844.1
                                 892.0

* JackKnife on Samples           346.3
                              Infinite

**************************************

Ending time: Thu Apr 30 13:12:02 2020
-------------------------------------

