Output from NeEstimator v2.1
Starting time: Thu Apr 30 13:40:42 2020
Input File #1: "data/dat/FRgam_3L.dat"

Number of Loci = 20000

LD mating model: Random

Population     1 [FRgam_3L]  (Number of Individuals = 24)
****************
--------------------------------------
Lowest Allele Frequency Used     0.050  
--------------------------------------

LINKAGE DISEQUILIBRIUM METHOD

Harmonic Mean Sample Size =       24.0
Independent Comparisons =  129323090
OverAll r^2 =                 0.050454
Expected r^2 Sample =         0.047300
Estimated Ne^ =                   95.9

95% CIs for Ne^
* Parametric                      95.6
                                  96.3

* JackKnife on Samples            74.8
                                 131.9

**************************************

Ending time: Thu Apr 30 13:49:40 2020
-------------------------------------

