Output from NeEstimator v2.1
Starting time: Fri Jan 24 19:50:05 2020
Input File #1: "data/dat/AOcol_3L.dat"

Number of Loci = 10000

Non-polymorphic loci:    18,    26,    46,    85,   123,   139,   140,   144,
          164,   195,   203,   254,   255,   274,   288,   328,   332,   372,
          391,   468,   488,   537,   538,   548,   556,   561,   572,   639,
          659,   687,   727,   732,   754,   770,   788,   790,   845,   846,
          848,   894,   906,   923,   928,   943,   969,  1013,  1043,  1063,
         1140,  1147,  1164,  1213,  1247,  1275,  1309,  1331,  1343,  1345,
         1348,  1370,  1595,  1608,  1633,  1686,  1695,  1702,  1704,  1708,
         1755,  1760,  1790,  1876,  1883,  1896,  1978,  2027,  2124,  2136,
         2210,  2214,  2231,  2293,  2305,  2337,  2347,  2426,  2450,  2478,
         2481,  2537,  2548,  2588,  2638,  2751,  2814,  2840,  2843,  2880,
         2954,  3034,  3047,  3070,  3091,  3103,  3116,  3128,  3145,  3169,
         3223,  3256,  3263,  3266,  3331,  3347,  3352,  3364,  3378,  3438,
         3468,  3519,  3521,  3576,  3582,  3608,  3617,  3626,  3648,  3667,
         3740,  3803,  3810,  3847,  3864,  3912,  3947,  3978,  4005,  4027,
         4087,  4136,  4187,  4193,  4208,  4237,  4281,  4293,  4301,  4310,
         4342,  4352,  4364,  4369,  4387,  4393,  4401,  4420,  4427,  4485,
         4502,  4545,  4637,  4651,  4673,  4742,  4857,  4885,  4928,  4944,
         4970,  5126,  5157,  5251,  5277,  5321,  5351,  5360,  5413,  5429,
         5447,  5494,  5507,  5511,  5525,  5547,  5549,  5564,  5628,  5669,
         5677,  5724,  5731,  5753,  5772,  5783,  5813,  5845,  5903,  5938,
         5942,  5968,  5982,  5985,  6003,  6072,  6080,  6089,  6103,  6163,
         6335,  6401,  6422,  6477,  6478,  6491,  6506,  6520,  6532,  6628,
         6692,  6729,  6827,  6876,  6906,  6994,  7081,  7152,  7192,  7267,
         7437,  7456,  7564,  7578,  7615,  7652,  7669,  7682,  7750,  7849,
         7949,  8208,  8236,  8252,  8288,  8309,  8314,  8317,  8338,  8343,
         8348,  8349,  8383,  8400,  8417,  8458,  8480,  8488,  8510,  8556,
         8569,  8641,  8717,  8735,  8739,  8764,  8770,  8798,  8806,  8823,
         8831,  8834,  8873,  8919,  9067,  9076,  9097,  9119,  9130,  9235,
         9345,  9358,  9373,  9385,  9401,  9408,  9492,  9526,  9569,  9577,
         9601,  9603,  9655,  9660,  9670,  9675,  9683,  9698,  9715,  9801,
         9815,  9840,  9864,  9895,  9912,  9986
Total non-polymorphic = 304

LD mating model: Random

Population     1 [AOcol_3L]  (Number of Individuals = 78)
****************
--------------------------------------------------------------------------
Lowest Allele Frequency Used     0.050       0.020       0.010         0+
--------------------------------------------------------------------------

LINKAGE DISEQUILIBRIUM METHOD

Harmonic Mean Sample Size =       77.9        78.0        78.0        78.0
Independent Comparisons =   14273114    24096650    34803103    50260442
OverAll r^2 =                 0.014688    0.014597    0.014473    0.014203
Expected r^2 Sample =         0.013353    0.013352    0.013352    0.013351
Estimated Ne^ =                  247.6       265.7       295.2       389.5

95% CIs for Ne^
* Parametric                     245.6       264.0       293.4       387.0
                                 249.6       267.5       297.0       392.1

* JackKnife on Samples           134.5       143.1       156.2       211.9
                                 969.3      1121.4      1459.4      1715.7

**************************************************************************

Ending time: Fri Jan 24 20:20:31 2020
-------------------------------------

