Output from NeEstimator v2.1
Starting time: Mon Jan 13 16:55:42 2020
Input File #1: "data/dat/KE_3L.dat"

Number of Loci = 10000

Non-polymorphic loci:    45,    48,    66,    68,    93,   225,   232,   258,
          261,   262,   277,   279,   288,   304,   306,   348,   351,   354,
          364,   372,   382,   388,   390,   391,   395,   400,   420,   427,
          430,   467,   473,   476,   489,   496,   498,   500,   514,   516,
          540,   548,   559,   563,   567,   576,   609,   617,   619,   627,
          639,   643,   646,   655,   656,   658,   660,   674,   675,   678,
          680,   719,   751,   756,   766,   776,   781,   794,   804,   807,
          823,   834,   861,   891,   916,   950,   958,  1002,  1005,  1010,
         1013,  1025,  1031,  1041,  1047,  1052,  1054,  1066,  1067,  1073,
         1074,  1096,  1107,  1109,  1115,  1127,  1131,  1135,  1138,  1146,
         1156,  1157,  1160,  1166,  1172,  1175,  1182,  1187,  1199,  1202,
         1203,  1212,  1217,  1219,  1220,  1242,  1249,  1251,  1257,  1259,
         1266,  1287,  1292,  1307,  1338,  1355,  1357,  1374,  1491,  1495,
         1499,  1501,  1509,  1535,  1536,  1545,  1617,  1624,  1651,  1658,
         1660,  1665,  1666,  1677,  1678,  1680,  1692,  1693,  1708,  1728,
         1736,  1737,  1738,  1742,  1752,  1755,  1761,  1769,  1771,  1780,
         1810,  1820,  1833,  1860,  1864,  1890,  1891,  1896,  1897,  1902,
         1919,  1929,  1930,  1936,  1950,  1952,  1959,  1967,  1972,  1976,
         1981,  2004,  2009,  2024,  2032,  2040,  2043,  2050,  2057,  2058,
         2061,  2066,  2072,  2074,  2090,  2092,  2096,  2099,  2100,  2108,
         2112,  2116,  2122,  2129,  2134,  2135,  2139,  2140,  2142,  2144,
         2154,  2161,  2179,  2183,  2184,  2187,  2197,  2206,  2215,  2228,
         2237,  2243,  2245,  2253,  2255,  2266,  2269,  2273,  2290,  2293,
         2297,  2305,  2309,  2314,  2315,  2316,  2317,  2320,  2330,  2331,
         2335,  2337,  2341,  2350,  2355,  2356,  2367,  2376,  2380,  2388,
         2390,  2394,  2395,  2401,  2423,  2426,  2436,  2449,  2465,  2470,
         2476,  2478,  2479,  2485,  2491,  2497,  2499,  2509,  2514,  2515,
         2519,  2528,  2530,  2536,  2566,  2571,  2573,  2574,  2579,  2581,
         2622,  2627,  2633,  2634,  2655,  2660,  2665,  2681,  2698,  2703,
         2733,  2743,  2749,  2753,  2765,  2776,  2779,  2823,  2825,  2828,
         2842,  2855,  2869,  2884,  2896,  2903,  2904,  2906,  2921,  2942,
         2946,  2954,  2960,  2968,  2982,  2991,  2992,  2998,  3012,  3013,
         3014,  3024,  3038,  3046,  3051,  3120,  3123,  3137,  3143,  3144,
         3153,  3170,  3174,  3652,  3879,  3886,  3894,  3899,  3902,  3909,
         3918,  3921,  3924,  3929,  3931,  3932,  3934,  3935,  3940,  3941,
         3946,  3947,  3948,  3949,  3951,  3956,  3958,  3960,  3962,  3964,
         3965,  3966,  3977,  3978,  3989,  3995,  4004,  4007,  4011,  4015,
         4018,  4019,  4021,  4027,  4032,  4033,  4035,  4040,  4043,  4054,
         4055,  4056,  4063,  4064,  4075,  4076,  4077,  4081,  4084,  4095,
         4096,  4098,  4102,  4105,  4112,  4113,  4116,  4119,  4122,  4127,
         4128,  4130,  4460,  4462,  4471,  4479,  4491,  4505,  4523,  4527,
         4587,  4611,  4635,  4636,  4640,  4778,  4798,  4807,  4835,  4836,
         4838,  4841,  4851,  4962,  5260,  5282,  5284,  5291,  5312,  5324,
         5328,  5352,  5357,  5369,  5370,  5371,  5386,  5387,  5407,  5420,
         5634,  5651,  5658,  5675,  5683,  5690,  5691,  5730,  5733,  5736,
         5745,  5754,  5763,  5765,  5766,  5779,  5783,  5785,  5787,  5788,
         5789,  5790,  5812,  5829,  5847,  5863,  5870,  5871,  5888,  5889,
         5896,  5903,  5905,  5920,  5924,  5935,  5954,  5973,  5974,  5981,
         5988,  6000,  6023,  6050,  6066,  6069,  6099,  6105,  6110,  6135,
         6148,  6149,  6150,  6193,  6202,  6204,  6220,  6234,  6248,  6249,
         6251,  6269,  6275,  6283,  6292,  6294,  6309,  6331,  6476,  6477,
         6550,  6554,  6556,  6576,  6579,  6588,  6596,  6773,  6877,  6880,
         6910,  6923,  6924,  6948,  6953,  6954,  6959,  7341,  7740,  7754,
         7958,  7964,  7980,  7982,  7998,  8006,  8017,  8232,  8235,  8249,
         8484,  8503,  8534,  8536,  8549,  8551,  8552,  8566,  8568,  8591,
         8592,  8692,  8694,  8705,  8708,  8719,  8759,  8764,  8767,  8768,
         8769,  8775,  8777,  8796,  8813,  8826,  8828,  8856,  8857,  8859,
         8873,  8876,  8883,  8886,  8891,  8897,  8933,  8949,  8950,  8961,
         9002,  9009,  9037,  9073,  9078,  9108,  9138,  9141,  9143,  9170,
         9248,  9251,  9252,  9305,  9306,  9320,  9322,  9332,  9334,  9342,
         9348,  9358,  9369,  9373,  9390,  9392,  9399,  9422,  9454,  9465,
         9466,  9481,  9485,  9500,  9507,  9535,  9737,  9749,  9779,  9787,
         9884,  9885,  9903,  9919,  9959,  9969,  9993
Total non-polymorphic = 625

LD mating model: Random

Population     1 [KE_3L]  (Number of Individuals = 48)
****************
--------------------------------------------------------------------------
Lowest Allele Frequency Used     0.050       0.020       0.010         0+
--------------------------------------------------------------------------

LINKAGE DISEQUILIBRIUM METHOD

Harmonic Mean Sample Size =       47.9        47.9        47.9        47.9
Independent Comparisons =   32846653    37535282    45042930    45042930
OverAll r^2 =                 0.091654    0.084654    0.074866    0.074866
Expected r^2 Sample =         0.022243    0.022247    0.022253    0.022253
Estimated Ne^ =                    2.4         2.7         3.2         3.2

95% CIs for Ne^
* Parametric                       2.4         2.7         3.2         3.2
                                   2.4         2.7         3.2         3.2

* JackKnife on Samples             2.0         2.2         2.7         2.7
                                   2.9         3.2         3.8         3.8

**************************************************************************

Ending time: Mon Jan 13 17:20:03 2020
-------------------------------------

