Output from NeEstimator v2.1
Starting time: Thu Apr 30 13:12:03 2020
Input File #1: "data/dat/GHcol_3R.dat"

Number of Loci = 20000

LD mating model: Random

Population     1 [GHcol_3R]  (Number of Individuals = 55)
****************
--------------------------------------
Lowest Allele Frequency Used     0.050  
--------------------------------------

LINKAGE DISEQUILIBRIUM METHOD

Harmonic Mean Sample Size =       55.0
Independent Comparisons =   25937326
OverAll r^2 =                 0.019756
Expected r^2 Sample =         0.019236
Estimated Ne^ =                  639.5

95% CIs for Ne^
* Parametric                     626.5
                                 653.1

* JackKnife on Samples           206.4
                              Infinite

**************************************

Ending time: Thu Apr 30 13:17:24 2020
-------------------------------------

