Output from NeEstimator v2.1
Starting time: Thu Apr 30 13:33:11 2020
Input File #1: "data/dat/GNgam_3L.dat"

Number of Loci = 20000

LD mating model: Random

Population     1 [GNgam_3L]  (Number of Individuals = 40)
****************
--------------------------------------
Lowest Allele Frequency Used     0.050  
--------------------------------------

LINKAGE DISEQUILIBRIUM METHOD

Harmonic Mean Sample Size =       40.0
Independent Comparisons =   23061548
OverAll r^2 =                 0.027869
Expected r^2 Sample =         0.026994
Estimated Ne^ =                  378.6

95% CIs for Ne^
* Parametric                     371.8
                                 385.7

* JackKnife on Samples           112.7
                              Infinite

**************************************

Ending time: Thu Apr 30 13:36:57 2020
-------------------------------------

