Output from NeEstimator v2.1
Starting time: Sun Jan 19 13:47:47 2020
Input File #1: "data/dat/CMgam_3R.dat"

Number of Loci = 10000

Non-polymorphic loci:  2522,  5376,  6769,  6936,  7127,  7292,  7298,  7595,
         7995,  8714,  8874,  8899,  9274,  9362,  9849,  9884,  9892
Total non-polymorphic = 17

LD mating model: Random

Population     1 [CMgam_3R]  (Number of Individuals = 297)
****************
--------------------------------------------------------------------------
Lowest Allele Frequency Used     0.050       0.020       0.010         0+
--------------------------------------------------------------------------

LINKAGE DISEQUILIBRIUM METHOD

Harmonic Mean Sample Size =      297.0       297.0       297.0       297.0
Independent Comparisons =    1418274     4217149     9738018    69033305
OverAll r^2 =                 0.003862    0.003883    0.003869    0.003607
Expected r^2 Sample =         0.003404    0.003404    0.003404    0.003403
Estimated Ne^ =                  724.6       693.4       714.6      1635.5

95% CIs for Ne^
* Parametric                     710.6       685.8       709.3      1625.8
                                 739.1       701.0       719.9      1645.2

* JackKnife on Samples           531.3       503.8       520.4      1251.3
                                1099.7      1068.5      1097.6      2333.0

**************************************************************************

Ending time: Sun Jan 19 15:23:25 2020
-------------------------------------

