Output from NeEstimator v2.1
Starting time: Thu Apr 30 12:58:02 2020
Input File #1: "data/dat/GM_3L.dat"

Number of Loci = 20000

LD mating model: Random

Population     1 [GM_3L]  (Number of Individuals = 65)
****************
--------------------------------------
Lowest Allele Frequency Used     0.050  
--------------------------------------

LINKAGE DISEQUILIBRIUM METHOD

Harmonic Mean Sample Size =       65.0
Independent Comparisons =   29810049
OverAll r^2 =                 0.016512
Expected r^2 Sample =         0.016140
Estimated Ne^ =                  893.8

95% CIs for Ne^
* Parametric                     874.1
                                 914.5

* JackKnife on Samples           743.5
                                1118.1

**************************************

Ending time: Thu Apr 30 13:05:13 2020
-------------------------------------

