Output from NeEstimator v2.1
Starting time: Thu Apr 30 13:56:14 2020
Input File #1: "data/dat/GQgam_3L.dat"

Number of Loci = 20000

LD mating model: Random

Population     1 [GQgam_3L]  (Number of Individuals = 9)
****************
--------------------------------------
Lowest Allele Frequency Used     0.050  
--------------------------------------

LINKAGE DISEQUILIBRIUM METHOD

Harmonic Mean Sample Size =        9.0
Independent Comparisons =  211757320
OverAll r^2 =                 0.153866
Expected r^2 Sample =         0.157393
Estimated Ne^ =               Infinite

95% CIs for Ne^
* Parametric                  Infinite
                              Infinite

* JackKnife on Samples        Infinite
                              Infinite

**************************************

Ending time: Thu Apr 30 14:03:37 2020
-------------------------------------

