Output from NeEstimator v2.1
Starting time: Thu Apr 30 12:12:31 2020
Input File #1: "data/dat/GW_3L.dat"

Number of Loci = 20000

LD mating model: Random

Population     1 [GW_3L]  (Number of Individuals = 91)
****************
--------------------------------------
Lowest Allele Frequency Used     0.050  
--------------------------------------

LINKAGE DISEQUILIBRIUM METHOD

Harmonic Mean Sample Size =       91.0
Independent Comparisons =   13165495
OverAll r^2 =                 0.011464
Expected r^2 Sample =         0.011374
Estimated Ne^ =                 3714.8

95% CIs for Ne^
* Parametric                    3383.9
                                4116.8

* JackKnife on Samples          2227.3
                               10995.4

**************************************

Ending time: Thu Apr 30 12:16:59 2020
-------------------------------------

