Output from NeEstimator v2.1
Starting time: Thu Apr 30 12:02:12 2020
Input File #1: "data/dat/UGgam_3L.dat"

Number of Loci = 20000

LD mating model: Random

Population     1 [UGgam_3L]  (Number of Individuals = 112)
****************
--------------------------------------
Lowest Allele Frequency Used     0.050  
--------------------------------------

LINKAGE DISEQUILIBRIUM METHOD

Harmonic Mean Sample Size =      112.0
Independent Comparisons =   10027850
OverAll r^2 =                 0.009291
Expected r^2 Sample =         0.009183
Estimated Ne^ =                 3072.5

95% CIs for Ne^
* Parametric                    2857.8
                                3321.6

* JackKnife on Samples          2478.8
                                4034.6

**************************************

Ending time: Thu Apr 30 12:06:30 2020
-------------------------------------

