Output from NeEstimator v2.1
Starting time: Thu Apr 30 11:56:23 2020
Input File #1: "data/dat/CMgam_3L.dat"

Number of Loci = 20000

LD mating model: Random

Population     1 [CMgam_3L]  (Number of Individuals = 297)
****************
--------------------------------------
Lowest Allele Frequency Used     0.050  
--------------------------------------

LINKAGE DISEQUILIBRIUM METHOD

Harmonic Mean Sample Size =      297.0
Independent Comparisons =    5120946
OverAll r^2 =                 0.003920
Expected r^2 Sample =         0.003403
Estimated Ne^ =                  642.8

95% CIs for Ne^
* Parametric                     636.8
                                 648.8

* JackKnife on Samples           448.9
                                1065.6

**************************************

Ending time: Thu Apr 30 12:02:12 2020
-------------------------------------

