Output from NeEstimator v2.1
Starting time: Thu Apr 30 13:54:28 2020
Input File #1: "data/dat/GHgam_3R.dat"

Number of Loci = 20000

LD mating model: Random

Population     1 [GHgam_3R]  (Number of Individuals = 12)
****************
--------------------------------------
Lowest Allele Frequency Used     0.050  
--------------------------------------

LINKAGE DISEQUILIBRIUM METHOD

Harmonic Mean Sample Size =       12.0
Independent Comparisons =   60175317
OverAll r^2 =                 0.110398
Expected r^2 Sample =         0.108217
Estimated Ne^ =                  139.5

95% CIs for Ne^
* Parametric                     137.0
                                 142.1

* JackKnife on Samples            40.0
                              Infinite

**************************************

Ending time: Thu Apr 30 13:57:28 2020
-------------------------------------

