Output from NeEstimator v2.1
Starting time: Thu Apr 30 12:47:28 2020
Input File #1: "data/dat/GAgam_3R.dat"

Number of Loci = 20000

LD mating model: Random

Population     1 [GAgam_3R]  (Number of Individuals = 69)
****************
--------------------------------------
Lowest Allele Frequency Used     0.050  
--------------------------------------

LINKAGE DISEQUILIBRIUM METHOD

Harmonic Mean Sample Size =       69.0
Independent Comparisons =   55571471
OverAll r^2 =                 0.016254
Expected r^2 Sample =         0.015163
Estimated Ne^ =                  303.5

95% CIs for Ne^
* Parametric                     301.8
                                 305.2

* JackKnife on Samples           259.7
                                 363.7

**************************************

Ending time: Thu Apr 30 12:59:25 2020
-------------------------------------

