Output from NeEstimator v2.1
Starting time: Thu Apr 30 12:44:08 2020
Input File #1: "data/dat/GAgam_3L.dat"

Number of Loci = 20000

LD mating model: Random

Population     1 [GAgam_3L]  (Number of Individuals = 69)
****************
--------------------------------------
Lowest Allele Frequency Used     0.050  
--------------------------------------

LINKAGE DISEQUILIBRIUM METHOD

Harmonic Mean Sample Size =       69.0
Independent Comparisons =   53327979
OverAll r^2 =                 0.016115
Expected r^2 Sample =         0.015163
Estimated Ne^ =                  348.0

95% CIs for Ne^
* Parametric                     345.8
                                 350.3

* JackKnife on Samples           309.8
                                 396.4

**************************************

Ending time: Thu Apr 30 12:56:08 2020
-------------------------------------

