Output from NeEstimator v2.1
Starting time: Thu Apr 30 13:17:24 2020
Input File #1: "data/dat/KE_3R.dat"

Number of Loci = 20000

LD mating model: Random

Population     1 [KE_3R]  (Number of Individuals = 48)
****************
--------------------------------------
Lowest Allele Frequency Used     0.050  
--------------------------------------

LINKAGE DISEQUILIBRIUM METHOD

Harmonic Mean Sample Size =       48.0
Independent Comparisons =  155064542
OverAll r^2 =                 0.082183
Expected r^2 Sample =         0.022218
Estimated Ne^ =                    2.8

95% CIs for Ne^
* Parametric                       2.8
                                   2.8

* JackKnife on Samples             2.5
                                   3.1

**************************************

Ending time: Thu Apr 30 13:40:42 2020
-------------------------------------

