Output from NeEstimator v2.1
Starting time: Thu Apr 30 14:04:30 2020
Input File #1: "data/dat/GNcol_3L.dat"

Number of Loci = 20000

LD mating model: Random

Population     1 [GNcol_3L]  (Number of Individuals = 4)
****************
--------------------------------------
Lowest Allele Frequency Used     0.050  
--------------------------------------

LINKAGE DISEQUILIBRIUM METHOD

Harmonic Mean Sample Size =        4.0
Independent Comparisons =  206318822
OverAll r^2 =                 0.486811
Expected r^2 Sample =         0.506050
Estimated Ne^ =               Infinite

95% CIs for Ne^
* Parametric                  Infinite
                              Infinite

* JackKnife on Samples             8.5
                              Infinite

**************************************

Ending time: Thu Apr 30 14:09:37 2020
-------------------------------------

