Output from NeEstimator v2.1
Starting time: Thu Apr 30 13:37:27 2020
Input File #1: "data/dat/GNgam_3R.dat"

Number of Loci = 20000

LD mating model: Random

Population     1 [GNgam_3R]  (Number of Individuals = 40)
****************
--------------------------------------
Lowest Allele Frequency Used     0.050  
--------------------------------------

LINKAGE DISEQUILIBRIUM METHOD

Harmonic Mean Sample Size =       40.0
Independent Comparisons =   24439810
OverAll r^2 =                 0.027661
Expected r^2 Sample =         0.026994
Estimated Ne^ =                  497.5

95% CIs for Ne^
* Parametric                     486.2
                                 509.4

* JackKnife on Samples           162.8
                              Infinite

**************************************

Ending time: Thu Apr 30 13:40:22 2020
-------------------------------------

