Building DAG of jobs...
Using shell: /bin/bash
Provided cores: 4
Rules claiming more threads will be scaled down.
Job counts:
	count	jobs
	1	Zarr_to_LDNe
	1	all_ldne
	80	run_ldne
	82

[Thu Apr 30 11:13:26 2020]
rule Zarr_to_LDNe:
    input: ../data/ag1000g.phase2.ar1.pass/, ../data/reference/Anopheles-gambiae-PEST_BASEFEATURES_AgamP4.12.gff3, ../data/samples.meta.txt
    output: data/dat/GHcol_2L.dat, data/dat/GHcol_2R.dat, data/dat/GHcol_3L.dat, data/dat/GHcol_3R.dat, data/dat/GHcol_X.dat, data/dat/GHgam_2L.dat, data/dat/GHgam_2R.dat, data/dat/GHgam_3L.dat, data/dat/GHgam_3R.dat, data/dat/GHgam_X.dat, data/dat/BFgam_2L.dat, data/dat/BFgam_2R.dat, data/dat/BFgam_3L.dat, data/dat/BFgam_3R.dat, data/dat/BFgam_X.dat, data/dat/BFcol_2L.dat, data/dat/BFcol_2R.dat, data/dat/BFcol_3L.dat, data/dat/BFcol_3R.dat, data/dat/BFcol_X.dat, data/dat/UGgam_2L.dat, data/dat/UGgam_2R.dat, data/dat/UGgam_3L.dat, data/dat/UGgam_3R.dat, data/dat/UGgam_X.dat, data/dat/GM_2L.dat, data/dat/GM_2R.dat, data/dat/GM_3L.dat, data/dat/GM_3R.dat, data/dat/GM_X.dat, data/dat/GW_2L.dat, data/dat/GW_2R.dat, data/dat/GW_3L.dat, data/dat/GW_3R.dat, data/dat/GW_X.dat, data/dat/KE_2L.dat, data/dat/KE_2R.dat, data/dat/KE_3L.dat, data/dat/KE_3R.dat, data/dat/KE_X.dat, data/dat/CMgam_2L.dat, data/dat/CMgam_2R.dat, data/dat/CMgam_3L.dat, data/dat/CMgam_3R.dat, data/dat/CMgam_X.dat, data/dat/FRgam_2L.dat, data/dat/FRgam_2R.dat, data/dat/FRgam_3L.dat, data/dat/FRgam_3R.dat, data/dat/FRgam_X.dat, data/dat/GQgam_2L.dat, data/dat/GQgam_2R.dat, data/dat/GQgam_3L.dat, data/dat/GQgam_3R.dat, data/dat/GQgam_X.dat, data/dat/AOcol_2L.dat, data/dat/AOcol_2R.dat, data/dat/AOcol_3L.dat, data/dat/AOcol_3R.dat, data/dat/AOcol_X.dat, data/dat/GAgam_2L.dat, data/dat/GAgam_2R.dat, data/dat/GAgam_3L.dat, data/dat/GAgam_3R.dat, data/dat/GAgam_X.dat, data/dat/GNgam_2L.dat, data/dat/GNgam_2R.dat, data/dat/GNgam_3L.dat, data/dat/GNgam_3R.dat, data/dat/GNgam_X.dat, data/dat/GNcol_2L.dat, data/dat/GNcol_2R.dat, data/dat/GNcol_3L.dat, data/dat/GNcol_3R.dat, data/dat/GNcol_X.dat, data/dat/CIcol_2L.dat, data/dat/CIcol_2R.dat, data/dat/CIcol_3L.dat, data/dat/CIcol_3R.dat, data/dat/CIcol_X.dat
    log: logs/Zarr_to_LDNe/Zarr_to_LDNe.log
    jobid: 81

[Thu Apr 30 11:56:23 2020]
Finished job 81.
1 of 82 steps (1%) done

[Thu Apr 30 11:56:23 2020]
rule run_ldne:
    input: data/dat/CMgam_2L.dat, analysis/LDNe/batch/ag_batch_CMgam_2L.txt
    output: analysis/LDNe/Ag_LDNe_CMgam_2L.out
    log: logs/ldne/CMgam_2L.log
    jobid: 41
    wildcards: pop=CMgam, chrom=2L


[Thu Apr 30 11:56:23 2020]
rule run_ldne:
    input: data/dat/CMgam_3R.dat, analysis/LDNe/batch/ag_batch_CMgam_3R.txt
    output: analysis/LDNe/Ag_LDNe_CMgam_3R.out
    log: logs/ldne/CMgam_3R.log
    jobid: 44
    wildcards: pop=CMgam, chrom=3R


[Thu Apr 30 11:56:23 2020]
rule run_ldne:
    input: data/dat/CMgam_2R.dat, analysis/LDNe/batch/ag_batch_CMgam_2R.txt
    output: analysis/LDNe/Ag_LDNe_CMgam_2R.out
    log: logs/ldne/CMgam_2R.log
    jobid: 42
    wildcards: pop=CMgam, chrom=2R


[Thu Apr 30 11:56:23 2020]
rule run_ldne:
    input: data/dat/CMgam_3L.dat, analysis/LDNe/batch/ag_batch_CMgam_3L.txt
    output: analysis/LDNe/Ag_LDNe_CMgam_3L.out
    log: logs/ldne/CMgam_3L.log
    jobid: 43
    wildcards: pop=CMgam, chrom=3L

[Thu Apr 30 12:01:57 2020]
Finished job 44.
2 of 82 steps (2%) done

[Thu Apr 30 12:01:57 2020]
rule run_ldne:
    input: data/dat/CMgam_X.dat, analysis/LDNe/batch/ag_batch_CMgam_X.txt
    output: analysis/LDNe/Ag_LDNe_CMgam_X.out
    log: logs/ldne/CMgam_X.log
    jobid: 45
    wildcards: pop=CMgam, chrom=X

[Thu Apr 30 12:02:12 2020]
Finished job 43.
3 of 82 steps (4%) done

[Thu Apr 30 12:02:12 2020]
rule run_ldne:
    input: data/dat/UGgam_3L.dat, analysis/LDNe/batch/ag_batch_UGgam_3L.txt
    output: analysis/LDNe/Ag_LDNe_UGgam_3L.out
    log: logs/ldne/UGgam_3L.log
    jobid: 23
    wildcards: pop=UGgam, chrom=3L

[Thu Apr 30 12:03:08 2020]
Finished job 42.
4 of 82 steps (5%) done

[Thu Apr 30 12:03:08 2020]
rule run_ldne:
    input: data/dat/UGgam_2L.dat, analysis/LDNe/batch/ag_batch_UGgam_2L.txt
    output: analysis/LDNe/Ag_LDNe_UGgam_2L.out
    log: logs/ldne/UGgam_2L.log
    jobid: 21
    wildcards: pop=UGgam, chrom=2L

[Thu Apr 30 12:03:34 2020]
Finished job 41.
5 of 82 steps (6%) done

[Thu Apr 30 12:03:34 2020]
rule run_ldne:
    input: data/dat/UGgam_2R.dat, analysis/LDNe/batch/ag_batch_UGgam_2R.txt
    output: analysis/LDNe/Ag_LDNe_UGgam_2R.out
    log: logs/ldne/UGgam_2R.log
    jobid: 22
    wildcards: pop=UGgam, chrom=2R

[Thu Apr 30 12:04:04 2020]
Finished job 45.
6 of 82 steps (7%) done

[Thu Apr 30 12:04:04 2020]
rule run_ldne:
    input: data/dat/UGgam_3R.dat, analysis/LDNe/batch/ag_batch_UGgam_3R.txt
    output: analysis/LDNe/Ag_LDNe_UGgam_3R.out
    log: logs/ldne/UGgam_3R.log
    jobid: 24
    wildcards: pop=UGgam, chrom=3R

[Thu Apr 30 12:06:30 2020]
Finished job 23.
7 of 82 steps (9%) done

[Thu Apr 30 12:06:30 2020]
rule run_ldne:
    input: data/dat/UGgam_X.dat, analysis/LDNe/batch/ag_batch_UGgam_X.txt
    output: analysis/LDNe/Ag_LDNe_UGgam_X.out
    log: logs/ldne/UGgam_X.log
    jobid: 25
    wildcards: pop=UGgam, chrom=X

[Thu Apr 30 12:08:17 2020]
Finished job 25.
8 of 82 steps (10%) done

[Thu Apr 30 12:08:17 2020]
rule run_ldne:
    input: data/dat/BFgam_3L.dat, analysis/LDNe/batch/ag_batch_BFgam_3L.txt
    output: analysis/LDNe/Ag_LDNe_BFgam_3L.out
    log: logs/ldne/BFgam_3L.log
    jobid: 13
    wildcards: pop=BFgam, chrom=3L

[Thu Apr 30 12:08:28 2020]
Finished job 21.
9 of 82 steps (11%) done

[Thu Apr 30 12:08:28 2020]
rule run_ldne:
    input: data/dat/BFgam_2L.dat, analysis/LDNe/batch/ag_batch_BFgam_2L.txt
    output: analysis/LDNe/Ag_LDNe_BFgam_2L.out
    log: logs/ldne/BFgam_2L.log
    jobid: 11
    wildcards: pop=BFgam, chrom=2L

[Thu Apr 30 12:08:31 2020]
Finished job 22.
10 of 82 steps (12%) done

[Thu Apr 30 12:08:31 2020]
rule run_ldne:
    input: data/dat/BFgam_2R.dat, analysis/LDNe/batch/ag_batch_BFgam_2R.txt
    output: analysis/LDNe/Ag_LDNe_BFgam_2R.out
    log: logs/ldne/BFgam_2R.log
    jobid: 12
    wildcards: pop=BFgam, chrom=2R

[Thu Apr 30 12:08:45 2020]
Finished job 24.
11 of 82 steps (13%) done

[Thu Apr 30 12:08:45 2020]
rule run_ldne:
    input: data/dat/BFgam_3R.dat, analysis/LDNe/batch/ag_batch_BFgam_3R.txt
    output: analysis/LDNe/Ag_LDNe_BFgam_3R.out
    log: logs/ldne/BFgam_3R.log
    jobid: 14
    wildcards: pop=BFgam, chrom=3R

[Thu Apr 30 12:12:10 2020]
Finished job 13.
12 of 82 steps (15%) done

[Thu Apr 30 12:12:10 2020]
rule run_ldne:
    input: data/dat/BFgam_X.dat, analysis/LDNe/batch/ag_batch_BFgam_X.txt
    output: analysis/LDNe/Ag_LDNe_BFgam_X.out
    log: logs/ldne/BFgam_X.log
    jobid: 15
    wildcards: pop=BFgam, chrom=X

[Thu Apr 30 12:12:31 2020]
Finished job 14.
13 of 82 steps (16%) done

[Thu Apr 30 12:12:31 2020]
rule run_ldne:
    input: data/dat/GW_3L.dat, analysis/LDNe/batch/ag_batch_GW_3L.txt
    output: analysis/LDNe/Ag_LDNe_GW_3L.out
    log: logs/ldne/GW_3L.log
    jobid: 33
    wildcards: pop=GW, chrom=3L

[Thu Apr 30 12:12:32 2020]
Finished job 11.
14 of 82 steps (17%) done

[Thu Apr 30 12:12:32 2020]
rule run_ldne:
    input: data/dat/GW_2L.dat, analysis/LDNe/batch/ag_batch_GW_2L.txt
    output: analysis/LDNe/Ag_LDNe_GW_2L.out
    log: logs/ldne/GW_2L.log
    jobid: 31
    wildcards: pop=GW, chrom=2L

[Thu Apr 30 12:12:48 2020]
Finished job 12.
15 of 82 steps (18%) done

[Thu Apr 30 12:12:48 2020]
rule run_ldne:
    input: data/dat/GW_2R.dat, analysis/LDNe/batch/ag_batch_GW_2R.txt
    output: analysis/LDNe/Ag_LDNe_GW_2R.out
    log: logs/ldne/GW_2R.log
    jobid: 32
    wildcards: pop=GW, chrom=2R

[Thu Apr 30 12:13:52 2020]
Finished job 15.
16 of 82 steps (20%) done

[Thu Apr 30 12:13:52 2020]
rule run_ldne:
    input: data/dat/GW_3R.dat, analysis/LDNe/batch/ag_batch_GW_3R.txt
    output: analysis/LDNe/Ag_LDNe_GW_3R.out
    log: logs/ldne/GW_3R.log
    jobid: 34
    wildcards: pop=GW, chrom=3R

[Thu Apr 30 12:16:59 2020]
Finished job 33.
17 of 82 steps (21%) done

[Thu Apr 30 12:16:59 2020]
rule run_ldne:
    input: data/dat/GW_X.dat, analysis/LDNe/batch/ag_batch_GW_X.txt
    output: analysis/LDNe/Ag_LDNe_GW_X.out
    log: logs/ldne/GW_X.log
    jobid: 35
    wildcards: pop=GW, chrom=X

[Thu Apr 30 12:17:53 2020]
Finished job 31.
18 of 82 steps (22%) done

[Thu Apr 30 12:17:53 2020]
rule run_ldne:
    input: data/dat/AOcol_3L.dat, analysis/LDNe/batch/ag_batch_AOcol_3L.txt
    output: analysis/LDNe/Ag_LDNe_AOcol_3L.out
    log: logs/ldne/AOcol_3L.log
    jobid: 58
    wildcards: pop=AOcol, chrom=3L

[Thu Apr 30 12:18:26 2020]
Finished job 34.
19 of 82 steps (23%) done

[Thu Apr 30 12:18:26 2020]
rule run_ldne:
    input: data/dat/AOcol_2L.dat, analysis/LDNe/batch/ag_batch_AOcol_2L.txt
    output: analysis/LDNe/Ag_LDNe_AOcol_2L.out
    log: logs/ldne/AOcol_2L.log
    jobid: 56
    wildcards: pop=AOcol, chrom=2L

[Thu Apr 30 12:20:00 2020]
Finished job 32.
20 of 82 steps (24%) done

[Thu Apr 30 12:20:00 2020]
rule run_ldne:
    input: data/dat/AOcol_2R.dat, analysis/LDNe/batch/ag_batch_AOcol_2R.txt
    output: analysis/LDNe/Ag_LDNe_AOcol_2R.out
    log: logs/ldne/AOcol_2R.log
    jobid: 57
    wildcards: pop=AOcol, chrom=2R

[Thu Apr 30 12:20:01 2020]
Finished job 35.
21 of 82 steps (26%) done

[Thu Apr 30 12:20:01 2020]
rule run_ldne:
    input: data/dat/AOcol_3R.dat, analysis/LDNe/batch/ag_batch_AOcol_3R.txt
    output: analysis/LDNe/Ag_LDNe_AOcol_3R.out
    log: logs/ldne/AOcol_3R.log
    jobid: 59
    wildcards: pop=AOcol, chrom=3R

[Thu Apr 30 12:30:50 2020]
Finished job 56.
22 of 82 steps (27%) done

[Thu Apr 30 12:30:50 2020]
rule run_ldne:
    input: data/dat/AOcol_X.dat, analysis/LDNe/batch/ag_batch_AOcol_X.txt
    output: analysis/LDNe/Ag_LDNe_AOcol_X.out
    log: logs/ldne/AOcol_X.log
    jobid: 60
    wildcards: pop=AOcol, chrom=X

[Thu Apr 30 12:32:32 2020]
Finished job 57.
23 of 82 steps (28%) done

[Thu Apr 30 12:32:32 2020]
rule run_ldne:
    input: data/dat/BFcol_3L.dat, analysis/LDNe/batch/ag_batch_BFcol_3L.txt
    output: analysis/LDNe/Ag_LDNe_BFcol_3L.out
    log: logs/ldne/BFcol_3L.log
    jobid: 18
    wildcards: pop=BFcol, chrom=3L

[Thu Apr 30 12:33:12 2020]
Finished job 58.
24 of 82 steps (29%) done

[Thu Apr 30 12:33:12 2020]
rule run_ldne:
    input: data/dat/BFcol_2L.dat, analysis/LDNe/batch/ag_batch_BFcol_2L.txt
    output: analysis/LDNe/Ag_LDNe_BFcol_2L.out
    log: logs/ldne/BFcol_2L.log
    jobid: 16
    wildcards: pop=BFcol, chrom=2L

[Thu Apr 30 12:33:51 2020]
Finished job 59.
25 of 82 steps (30%) done

[Thu Apr 30 12:33:51 2020]
rule run_ldne:
    input: data/dat/BFcol_2R.dat, analysis/LDNe/batch/ag_batch_BFcol_2R.txt
    output: analysis/LDNe/Ag_LDNe_BFcol_2R.out
    log: logs/ldne/BFcol_2R.log
    jobid: 17
    wildcards: pop=BFcol, chrom=2R

[Thu Apr 30 12:35:27 2020]
Finished job 16.
26 of 82 steps (32%) done

[Thu Apr 30 12:35:27 2020]
rule run_ldne:
    input: data/dat/BFcol_3R.dat, analysis/LDNe/batch/ag_batch_BFcol_3R.txt
    output: analysis/LDNe/Ag_LDNe_BFcol_3R.out
    log: logs/ldne/BFcol_3R.log
    jobid: 19
    wildcards: pop=BFcol, chrom=3R

[Thu Apr 30 12:36:11 2020]
Finished job 18.
27 of 82 steps (33%) done

[Thu Apr 30 12:36:11 2020]
rule run_ldne:
    input: data/dat/BFcol_X.dat, analysis/LDNe/batch/ag_batch_BFcol_X.txt
    output: analysis/LDNe/Ag_LDNe_BFcol_X.out
    log: logs/ldne/BFcol_X.log
    jobid: 20
    wildcards: pop=BFcol, chrom=X

[Thu Apr 30 12:38:06 2020]
Finished job 17.
28 of 82 steps (34%) done

[Thu Apr 30 12:38:06 2020]
rule run_ldne:
    input: data/dat/CIcol_3L.dat, analysis/LDNe/batch/ag_batch_CIcol_3L.txt
    output: analysis/LDNe/Ag_LDNe_CIcol_3L.out
    log: logs/ldne/CIcol_3L.log
    jobid: 78
    wildcards: pop=CIcol, chrom=3L

[Thu Apr 30 12:38:23 2020]
Finished job 20.
29 of 82 steps (35%) done

[Thu Apr 30 12:38:23 2020]
rule run_ldne:
    input: data/dat/CIcol_2L.dat, analysis/LDNe/batch/ag_batch_CIcol_2L.txt
    output: analysis/LDNe/Ag_LDNe_CIcol_2L.out
    log: logs/ldne/CIcol_2L.log
    jobid: 76
    wildcards: pop=CIcol, chrom=2L

[Thu Apr 30 12:39:04 2020]
Finished job 19.
30 of 82 steps (37%) done

[Thu Apr 30 12:39:04 2020]
rule run_ldne:
    input: data/dat/CIcol_2R.dat, analysis/LDNe/batch/ag_batch_CIcol_2R.txt
    output: analysis/LDNe/Ag_LDNe_CIcol_2R.out
    log: logs/ldne/CIcol_2R.log
    jobid: 77
    wildcards: pop=CIcol, chrom=2R

[Thu Apr 30 12:42:39 2020]
Finished job 60.
31 of 82 steps (38%) done

[Thu Apr 30 12:42:39 2020]
rule run_ldne:
    input: data/dat/CIcol_3R.dat, analysis/LDNe/batch/ag_batch_CIcol_3R.txt
    output: analysis/LDNe/Ag_LDNe_CIcol_3R.out
    log: logs/ldne/CIcol_3R.log
    jobid: 79
    wildcards: pop=CIcol, chrom=3R

[Thu Apr 30 12:43:59 2020]
Finished job 78.
32 of 82 steps (39%) done

[Thu Apr 30 12:43:59 2020]
rule run_ldne:
    input: data/dat/CIcol_X.dat, analysis/LDNe/batch/ag_batch_CIcol_X.txt
    output: analysis/LDNe/Ag_LDNe_CIcol_X.out
    log: logs/ldne/CIcol_X.log
    jobid: 80
    wildcards: pop=CIcol, chrom=X

[Thu Apr 30 12:44:08 2020]
Finished job 76.
33 of 82 steps (40%) done

[Thu Apr 30 12:44:08 2020]
rule run_ldne:
    input: data/dat/GAgam_3L.dat, analysis/LDNe/batch/ag_batch_GAgam_3L.txt
    output: analysis/LDNe/Ag_LDNe_GAgam_3L.out
    log: logs/ldne/GAgam_3L.log
    jobid: 63
    wildcards: pop=GAgam, chrom=3L

[Thu Apr 30 12:44:43 2020]
Finished job 77.
34 of 82 steps (41%) done

[Thu Apr 30 12:44:43 2020]
rule run_ldne:
    input: data/dat/GAgam_2L.dat, analysis/LDNe/batch/ag_batch_GAgam_2L.txt
    output: analysis/LDNe/Ag_LDNe_GAgam_2L.out
    log: logs/ldne/GAgam_2L.log
    jobid: 61
    wildcards: pop=GAgam, chrom=2L

[Thu Apr 30 12:47:23 2020]
Finished job 79.
35 of 82 steps (43%) done

[Thu Apr 30 12:47:23 2020]
rule run_ldne:
    input: data/dat/GAgam_2R.dat, analysis/LDNe/batch/ag_batch_GAgam_2R.txt
    output: analysis/LDNe/Ag_LDNe_GAgam_2R.out
    log: logs/ldne/GAgam_2R.log
    jobid: 62
    wildcards: pop=GAgam, chrom=2R

[Thu Apr 30 12:47:28 2020]
Finished job 80.
36 of 82 steps (44%) done

[Thu Apr 30 12:47:28 2020]
rule run_ldne:
    input: data/dat/GAgam_3R.dat, analysis/LDNe/batch/ag_batch_GAgam_3R.txt
    output: analysis/LDNe/Ag_LDNe_GAgam_3R.out
    log: logs/ldne/GAgam_3R.log
    jobid: 64
    wildcards: pop=GAgam, chrom=3R

[Thu Apr 30 12:56:09 2020]
Finished job 63.
37 of 82 steps (45%) done

[Thu Apr 30 12:56:09 2020]
rule run_ldne:
    input: data/dat/GAgam_X.dat, analysis/LDNe/batch/ag_batch_GAgam_X.txt
    output: analysis/LDNe/Ag_LDNe_GAgam_X.out
    log: logs/ldne/GAgam_X.log
    jobid: 65
    wildcards: pop=GAgam, chrom=X

[Thu Apr 30 12:58:02 2020]
Finished job 61.
38 of 82 steps (46%) done

[Thu Apr 30 12:58:02 2020]
rule run_ldne:
    input: data/dat/GM_3L.dat, analysis/LDNe/batch/ag_batch_GM_3L.txt
    output: analysis/LDNe/Ag_LDNe_GM_3L.out
    log: logs/ldne/GM_3L.log
    jobid: 28
    wildcards: pop=GM, chrom=3L

[Thu Apr 30 12:59:25 2020]
Finished job 64.
39 of 82 steps (48%) done

[Thu Apr 30 12:59:25 2020]
rule run_ldne:
    input: data/dat/GM_2L.dat, analysis/LDNe/batch/ag_batch_GM_2L.txt
    output: analysis/LDNe/Ag_LDNe_GM_2L.out
    log: logs/ldne/GM_2L.log
    jobid: 26
    wildcards: pop=GM, chrom=2L

[Thu Apr 30 13:00:48 2020]
Finished job 62.
40 of 82 steps (49%) done

[Thu Apr 30 13:00:48 2020]
rule run_ldne:
    input: data/dat/GM_2R.dat, analysis/LDNe/batch/ag_batch_GM_2R.txt
    output: analysis/LDNe/Ag_LDNe_GM_2R.out
    log: logs/ldne/GM_2R.log
    jobid: 27
    wildcards: pop=GM, chrom=2R

[Thu Apr 30 13:05:13 2020]
Finished job 28.
41 of 82 steps (50%) done

[Thu Apr 30 13:05:13 2020]
rule run_ldne:
    input: data/dat/GM_3R.dat, analysis/LDNe/batch/ag_batch_GM_3R.txt
    output: analysis/LDNe/Ag_LDNe_GM_3R.out
    log: logs/ldne/GM_3R.log
    jobid: 29
    wildcards: pop=GM, chrom=3R

[Thu Apr 30 13:06:19 2020]
Finished job 65.
42 of 82 steps (51%) done

[Thu Apr 30 13:06:19 2020]
rule run_ldne:
    input: data/dat/GM_X.dat, analysis/LDNe/batch/ag_batch_GM_X.txt
    output: analysis/LDNe/Ag_LDNe_GM_X.out
    log: logs/ldne/GM_X.log
    jobid: 30
    wildcards: pop=GM, chrom=X

[Thu Apr 30 13:06:57 2020]
Finished job 26.
43 of 82 steps (52%) done

[Thu Apr 30 13:06:57 2020]
rule run_ldne:
    input: data/dat/GHcol_3L.dat, analysis/LDNe/batch/ag_batch_GHcol_3L.txt
    output: analysis/LDNe/Ag_LDNe_GHcol_3L.out
    log: logs/ldne/GHcol_3L.log
    jobid: 3
    wildcards: pop=GHcol, chrom=3L

[Thu Apr 30 13:08:48 2020]
Finished job 27.
44 of 82 steps (54%) done

[Thu Apr 30 13:08:48 2020]
rule run_ldne:
    input: data/dat/GHcol_2L.dat, analysis/LDNe/batch/ag_batch_GHcol_2L.txt
    output: analysis/LDNe/Ag_LDNe_GHcol_2L.out
    log: logs/ldne/GHcol_2L.log
    jobid: 1
    wildcards: pop=GHcol, chrom=2L

[Thu Apr 30 13:10:22 2020]
Finished job 30.
45 of 82 steps (55%) done

[Thu Apr 30 13:10:22 2020]
rule run_ldne:
    input: data/dat/GHcol_2R.dat, analysis/LDNe/batch/ag_batch_GHcol_2R.txt
    output: analysis/LDNe/Ag_LDNe_GHcol_2R.out
    log: logs/ldne/GHcol_2R.log
    jobid: 2
    wildcards: pop=GHcol, chrom=2R

[Thu Apr 30 13:12:02 2020]
Finished job 3.
46 of 82 steps (56%) done

[Thu Apr 30 13:12:02 2020]
rule run_ldne:
    input: data/dat/GHcol_3R.dat, analysis/LDNe/batch/ag_batch_GHcol_3R.txt
    output: analysis/LDNe/Ag_LDNe_GHcol_3R.out
    log: logs/ldne/GHcol_3R.log
    jobid: 4
    wildcards: pop=GHcol, chrom=3R

[Thu Apr 30 13:12:19 2020]
Finished job 29.
47 of 82 steps (57%) done

[Thu Apr 30 13:12:19 2020]
rule run_ldne:
    input: data/dat/GHcol_X.dat, analysis/LDNe/batch/ag_batch_GHcol_X.txt
    output: analysis/LDNe/Ag_LDNe_GHcol_X.out
    log: logs/ldne/GHcol_X.log
    jobid: 5
    wildcards: pop=GHcol, chrom=X

[Thu Apr 30 13:13:28 2020]
Finished job 1.
48 of 82 steps (59%) done

[Thu Apr 30 13:13:28 2020]
rule run_ldne:
    input: data/dat/KE_3L.dat, analysis/LDNe/batch/ag_batch_KE_3L.txt
    output: analysis/LDNe/Ag_LDNe_KE_3L.out
    log: logs/ldne/KE_3L.log
    jobid: 38
    wildcards: pop=KE, chrom=3L

[Thu Apr 30 13:15:52 2020]
Finished job 2.
49 of 82 steps (60%) done

[Thu Apr 30 13:15:52 2020]
rule run_ldne:
    input: data/dat/KE_2L.dat, analysis/LDNe/batch/ag_batch_KE_2L.txt
    output: analysis/LDNe/Ag_LDNe_KE_2L.out
    log: logs/ldne/KE_2L.log
    jobid: 36
    wildcards: pop=KE, chrom=2L

[Thu Apr 30 13:15:53 2020]
Finished job 5.
50 of 82 steps (61%) done

[Thu Apr 30 13:15:53 2020]
rule run_ldne:
    input: data/dat/KE_2R.dat, analysis/LDNe/batch/ag_batch_KE_2R.txt
    output: analysis/LDNe/Ag_LDNe_KE_2R.out
    log: logs/ldne/KE_2R.log
    jobid: 37
    wildcards: pop=KE, chrom=2R

[Thu Apr 30 13:17:24 2020]
Finished job 4.
51 of 82 steps (62%) done

[Thu Apr 30 13:17:24 2020]
rule run_ldne:
    input: data/dat/KE_3R.dat, analysis/LDNe/batch/ag_batch_KE_3R.txt
    output: analysis/LDNe/Ag_LDNe_KE_3R.out
    log: logs/ldne/KE_3R.log
    jobid: 39
    wildcards: pop=KE, chrom=3R

[Thu Apr 30 13:30:07 2020]
Finished job 38.
52 of 82 steps (63%) done

[Thu Apr 30 13:30:07 2020]
rule run_ldne:
    input: data/dat/KE_X.dat, analysis/LDNe/batch/ag_batch_KE_X.txt
    output: analysis/LDNe/Ag_LDNe_KE_X.out
    log: logs/ldne/KE_X.log
    jobid: 40
    wildcards: pop=KE, chrom=X

[Thu Apr 30 13:33:11 2020]
Finished job 36.
53 of 82 steps (65%) done

[Thu Apr 30 13:33:11 2020]
rule run_ldne:
    input: data/dat/GNgam_3L.dat, analysis/LDNe/batch/ag_batch_GNgam_3L.txt
    output: analysis/LDNe/Ag_LDNe_GNgam_3L.out
    log: logs/ldne/GNgam_3L.log
    jobid: 68
    wildcards: pop=GNgam, chrom=3L

[Thu Apr 30 13:33:39 2020]
Finished job 37.
54 of 82 steps (66%) done

[Thu Apr 30 13:33:39 2020]
rule run_ldne:
    input: data/dat/GNgam_2L.dat, analysis/LDNe/batch/ag_batch_GNgam_2L.txt
    output: analysis/LDNe/Ag_LDNe_GNgam_2L.out
    log: logs/ldne/GNgam_2L.log
    jobid: 66
    wildcards: pop=GNgam, chrom=2L

[Thu Apr 30 13:36:57 2020]
Finished job 68.
55 of 82 steps (67%) done

[Thu Apr 30 13:36:57 2020]
rule run_ldne:
    input: data/dat/GNgam_2R.dat, analysis/LDNe/batch/ag_batch_GNgam_2R.txt
    output: analysis/LDNe/Ag_LDNe_GNgam_2R.out
    log: logs/ldne/GNgam_2R.log
    jobid: 67
    wildcards: pop=GNgam, chrom=2R

[Thu Apr 30 13:37:27 2020]
Finished job 66.
56 of 82 steps (68%) done

[Thu Apr 30 13:37:27 2020]
rule run_ldne:
    input: data/dat/GNgam_3R.dat, analysis/LDNe/batch/ag_batch_GNgam_3R.txt
    output: analysis/LDNe/Ag_LDNe_GNgam_3R.out
    log: logs/ldne/GNgam_3R.log
    jobid: 69
    wildcards: pop=GNgam, chrom=3R

[Thu Apr 30 13:40:22 2020]
Finished job 69.
57 of 82 steps (70%) done

[Thu Apr 30 13:40:22 2020]
rule run_ldne:
    input: data/dat/GNgam_X.dat, analysis/LDNe/batch/ag_batch_GNgam_X.txt
    output: analysis/LDNe/Ag_LDNe_GNgam_X.out
    log: logs/ldne/GNgam_X.log
    jobid: 70
    wildcards: pop=GNgam, chrom=X

[Thu Apr 30 13:40:42 2020]
Finished job 39.
58 of 82 steps (71%) done

[Thu Apr 30 13:40:42 2020]
rule run_ldne:
    input: data/dat/FRgam_3L.dat, analysis/LDNe/batch/ag_batch_FRgam_3L.txt
    output: analysis/LDNe/Ag_LDNe_FRgam_3L.out
    log: logs/ldne/FRgam_3L.log
    jobid: 48
    wildcards: pop=FRgam, chrom=3L

[Thu Apr 30 13:41:26 2020]
Finished job 67.
59 of 82 steps (72%) done

[Thu Apr 30 13:41:26 2020]
rule run_ldne:
    input: data/dat/FRgam_2L.dat, analysis/LDNe/batch/ag_batch_FRgam_2L.txt
    output: analysis/LDNe/Ag_LDNe_FRgam_2L.out
    log: logs/ldne/FRgam_2L.log
    jobid: 46
    wildcards: pop=FRgam, chrom=2L

[Thu Apr 30 13:41:52 2020]
Finished job 70.
60 of 82 steps (73%) done

[Thu Apr 30 13:41:52 2020]
rule run_ldne:
    input: data/dat/FRgam_2R.dat, analysis/LDNe/batch/ag_batch_FRgam_2R.txt
    output: analysis/LDNe/Ag_LDNe_FRgam_2R.out
    log: logs/ldne/FRgam_2R.log
    jobid: 47
    wildcards: pop=FRgam, chrom=2R

[Thu Apr 30 13:46:17 2020]
Finished job 40.
61 of 82 steps (74%) done

[Thu Apr 30 13:46:17 2020]
rule run_ldne:
    input: data/dat/FRgam_3R.dat, analysis/LDNe/batch/ag_batch_FRgam_3R.txt
    output: analysis/LDNe/Ag_LDNe_FRgam_3R.out
    log: logs/ldne/FRgam_3R.log
    jobid: 49
    wildcards: pop=FRgam, chrom=3R

[Thu Apr 30 13:49:40 2020]
Finished job 48.
62 of 82 steps (76%) done

[Thu Apr 30 13:49:40 2020]
rule run_ldne:
    input: data/dat/FRgam_X.dat, analysis/LDNe/batch/ag_batch_FRgam_X.txt
    output: analysis/LDNe/Ag_LDNe_FRgam_X.out
    log: logs/ldne/FRgam_X.log
    jobid: 50
    wildcards: pop=FRgam, chrom=X

[Thu Apr 30 13:50:34 2020]
Finished job 47.
63 of 82 steps (77%) done

[Thu Apr 30 13:50:34 2020]
rule run_ldne:
    input: data/dat/GHgam_3L.dat, analysis/LDNe/batch/ag_batch_GHgam_3L.txt
    output: analysis/LDNe/Ag_LDNe_GHgam_3L.out
    log: logs/ldne/GHgam_3L.log
    jobid: 8
    wildcards: pop=GHgam, chrom=3L

[Thu Apr 30 13:51:17 2020]
Finished job 46.
64 of 82 steps (78%) done

[Thu Apr 30 13:51:17 2020]
rule run_ldne:
    input: data/dat/GHgam_2L.dat, analysis/LDNe/batch/ag_batch_GHgam_2L.txt
    output: analysis/LDNe/Ag_LDNe_GHgam_2L.out
    log: logs/ldne/GHgam_2L.log
    jobid: 6
    wildcards: pop=GHgam, chrom=2L

[Thu Apr 30 13:53:23 2020]
Finished job 8.
65 of 82 steps (79%) done

[Thu Apr 30 13:53:23 2020]
rule run_ldne:
    input: data/dat/GHgam_2R.dat, analysis/LDNe/batch/ag_batch_GHgam_2R.txt
    output: analysis/LDNe/Ag_LDNe_GHgam_2R.out
    log: logs/ldne/GHgam_2R.log
    jobid: 7
    wildcards: pop=GHgam, chrom=2R

[Thu Apr 30 13:54:28 2020]
Finished job 6.
66 of 82 steps (80%) done

[Thu Apr 30 13:54:28 2020]
rule run_ldne:
    input: data/dat/GHgam_3R.dat, analysis/LDNe/batch/ag_batch_GHgam_3R.txt
    output: analysis/LDNe/Ag_LDNe_GHgam_3R.out
    log: logs/ldne/GHgam_3R.log
    jobid: 9
    wildcards: pop=GHgam, chrom=3R

[Thu Apr 30 13:55:44 2020]
Finished job 49.
67 of 82 steps (82%) done

[Thu Apr 30 13:55:44 2020]
rule run_ldne:
    input: data/dat/GHgam_X.dat, analysis/LDNe/batch/ag_batch_GHgam_X.txt
    output: analysis/LDNe/Ag_LDNe_GHgam_X.out
    log: logs/ldne/GHgam_X.log
    jobid: 10
    wildcards: pop=GHgam, chrom=X

[Thu Apr 30 13:56:14 2020]
Finished job 7.
68 of 82 steps (83%) done

[Thu Apr 30 13:56:14 2020]
rule run_ldne:
    input: data/dat/GQgam_3L.dat, analysis/LDNe/batch/ag_batch_GQgam_3L.txt
    output: analysis/LDNe/Ag_LDNe_GQgam_3L.out
    log: logs/ldne/GQgam_3L.log
    jobid: 53
    wildcards: pop=GQgam, chrom=3L

[Thu Apr 30 13:56:27 2020]
Finished job 50.
69 of 82 steps (84%) done

[Thu Apr 30 13:56:27 2020]
rule run_ldne:
    input: data/dat/GQgam_2L.dat, analysis/LDNe/batch/ag_batch_GQgam_2L.txt
    output: analysis/LDNe/Ag_LDNe_GQgam_2L.out
    log: logs/ldne/GQgam_2L.log
    jobid: 51
    wildcards: pop=GQgam, chrom=2L

[Thu Apr 30 13:57:28 2020]
Finished job 9.
70 of 82 steps (85%) done

[Thu Apr 30 13:57:28 2020]
rule run_ldne:
    input: data/dat/GQgam_2R.dat, analysis/LDNe/batch/ag_batch_GQgam_2R.txt
    output: analysis/LDNe/Ag_LDNe_GQgam_2R.out
    log: logs/ldne/GQgam_2R.log
    jobid: 52
    wildcards: pop=GQgam, chrom=2R

[Thu Apr 30 13:57:41 2020]
Finished job 10.
71 of 82 steps (87%) done

[Thu Apr 30 13:57:41 2020]
rule run_ldne:
    input: data/dat/GQgam_3R.dat, analysis/LDNe/batch/ag_batch_GQgam_3R.txt
    output: analysis/LDNe/Ag_LDNe_GQgam_3R.out
    log: logs/ldne/GQgam_3R.log
    jobid: 54
    wildcards: pop=GQgam, chrom=3R

[Thu Apr 30 14:03:37 2020]
Finished job 53.
72 of 82 steps (88%) done

[Thu Apr 30 14:03:37 2020]
rule run_ldne:
    input: data/dat/GQgam_X.dat, analysis/LDNe/batch/ag_batch_GQgam_X.txt
    output: analysis/LDNe/Ag_LDNe_GQgam_X.out
    log: logs/ldne/GQgam_X.log
    jobid: 55
    wildcards: pop=GQgam, chrom=X

[Thu Apr 30 14:04:30 2020]
Finished job 51.
73 of 82 steps (89%) done

[Thu Apr 30 14:04:30 2020]
rule run_ldne:
    input: data/dat/GNcol_3L.dat, analysis/LDNe/batch/ag_batch_GNcol_3L.txt
    output: analysis/LDNe/Ag_LDNe_GNcol_3L.out
    log: logs/ldne/GNcol_3L.log
    jobid: 73
    wildcards: pop=GNcol, chrom=3L

[Thu Apr 30 14:04:52 2020]
Finished job 54.
74 of 82 steps (90%) done

[Thu Apr 30 14:04:52 2020]
rule run_ldne:
    input: data/dat/GNcol_2L.dat, analysis/LDNe/batch/ag_batch_GNcol_2L.txt
    output: analysis/LDNe/Ag_LDNe_GNcol_2L.out
    log: logs/ldne/GNcol_2L.log
    jobid: 71
    wildcards: pop=GNcol, chrom=2L

[Thu Apr 30 14:06:17 2020]
Finished job 52.
75 of 82 steps (91%) done

[Thu Apr 30 14:06:17 2020]
rule run_ldne:
    input: data/dat/GNcol_2R.dat, analysis/LDNe/batch/ag_batch_GNcol_2R.txt
    output: analysis/LDNe/Ag_LDNe_GNcol_2R.out
    log: logs/ldne/GNcol_2R.log
    jobid: 72
    wildcards: pop=GNcol, chrom=2R

[Thu Apr 30 14:09:37 2020]
Finished job 73.
76 of 82 steps (93%) done

[Thu Apr 30 14:09:37 2020]
rule run_ldne:
    input: data/dat/GNcol_3R.dat, analysis/LDNe/batch/ag_batch_GNcol_3R.txt
    output: analysis/LDNe/Ag_LDNe_GNcol_3R.out
    log: logs/ldne/GNcol_3R.log
    jobid: 74
    wildcards: pop=GNcol, chrom=3R

[Thu Apr 30 14:10:17 2020]
Finished job 71.
77 of 82 steps (94%) done

[Thu Apr 30 14:10:17 2020]
rule run_ldne:
    input: data/dat/GNcol_X.dat, analysis/LDNe/batch/ag_batch_GNcol_X.txt
    output: analysis/LDNe/Ag_LDNe_GNcol_X.out
    log: logs/ldne/GNcol_X.log
    jobid: 75
    wildcards: pop=GNcol, chrom=X

[Thu Apr 30 14:11:12 2020]
Finished job 72.
78 of 82 steps (95%) done
[Thu Apr 30 14:11:49 2020]
Finished job 55.
79 of 82 steps (96%) done
[Thu Apr 30 14:13:39 2020]
Finished job 74.
80 of 82 steps (98%) done
[Thu Apr 30 14:13:56 2020]
Finished job 75.
81 of 82 steps (99%) done

[Thu Apr 30 14:13:56 2020]
localrule all_ldne:
    input: analysis/LDNe/Ag_LDNe_GHcol_2L.out, analysis/LDNe/Ag_LDNe_GHcol_2R.out, analysis/LDNe/Ag_LDNe_GHcol_3L.out, analysis/LDNe/Ag_LDNe_GHcol_3R.out, analysis/LDNe/Ag_LDNe_GHcol_X.out, analysis/LDNe/Ag_LDNe_GHgam_2L.out, analysis/LDNe/Ag_LDNe_GHgam_2R.out, analysis/LDNe/Ag_LDNe_GHgam_3L.out, analysis/LDNe/Ag_LDNe_GHgam_3R.out, analysis/LDNe/Ag_LDNe_GHgam_X.out, analysis/LDNe/Ag_LDNe_BFgam_2L.out, analysis/LDNe/Ag_LDNe_BFgam_2R.out, analysis/LDNe/Ag_LDNe_BFgam_3L.out, analysis/LDNe/Ag_LDNe_BFgam_3R.out, analysis/LDNe/Ag_LDNe_BFgam_X.out, analysis/LDNe/Ag_LDNe_BFcol_2L.out, analysis/LDNe/Ag_LDNe_BFcol_2R.out, analysis/LDNe/Ag_LDNe_BFcol_3L.out, analysis/LDNe/Ag_LDNe_BFcol_3R.out, analysis/LDNe/Ag_LDNe_BFcol_X.out, analysis/LDNe/Ag_LDNe_UGgam_2L.out, analysis/LDNe/Ag_LDNe_UGgam_2R.out, analysis/LDNe/Ag_LDNe_UGgam_3L.out, analysis/LDNe/Ag_LDNe_UGgam_3R.out, analysis/LDNe/Ag_LDNe_UGgam_X.out, analysis/LDNe/Ag_LDNe_GM_2L.out, analysis/LDNe/Ag_LDNe_GM_2R.out, analysis/LDNe/Ag_LDNe_GM_3L.out, analysis/LDNe/Ag_LDNe_GM_3R.out, analysis/LDNe/Ag_LDNe_GM_X.out, analysis/LDNe/Ag_LDNe_GW_2L.out, analysis/LDNe/Ag_LDNe_GW_2R.out, analysis/LDNe/Ag_LDNe_GW_3L.out, analysis/LDNe/Ag_LDNe_GW_3R.out, analysis/LDNe/Ag_LDNe_GW_X.out, analysis/LDNe/Ag_LDNe_KE_2L.out, analysis/LDNe/Ag_LDNe_KE_2R.out, analysis/LDNe/Ag_LDNe_KE_3L.out, analysis/LDNe/Ag_LDNe_KE_3R.out, analysis/LDNe/Ag_LDNe_KE_X.out, analysis/LDNe/Ag_LDNe_CMgam_2L.out, analysis/LDNe/Ag_LDNe_CMgam_2R.out, analysis/LDNe/Ag_LDNe_CMgam_3L.out, analysis/LDNe/Ag_LDNe_CMgam_3R.out, analysis/LDNe/Ag_LDNe_CMgam_X.out, analysis/LDNe/Ag_LDNe_FRgam_2L.out, analysis/LDNe/Ag_LDNe_FRgam_2R.out, analysis/LDNe/Ag_LDNe_FRgam_3L.out, analysis/LDNe/Ag_LDNe_FRgam_3R.out, analysis/LDNe/Ag_LDNe_FRgam_X.out, analysis/LDNe/Ag_LDNe_GQgam_2L.out, analysis/LDNe/Ag_LDNe_GQgam_2R.out, analysis/LDNe/Ag_LDNe_GQgam_3L.out, analysis/LDNe/Ag_LDNe_GQgam_3R.out, analysis/LDNe/Ag_LDNe_GQgam_X.out, analysis/LDNe/Ag_LDNe_AOcol_2L.out, analysis/LDNe/Ag_LDNe_AOcol_2R.out, analysis/LDNe/Ag_LDNe_AOcol_3L.out, analysis/LDNe/Ag_LDNe_AOcol_3R.out, analysis/LDNe/Ag_LDNe_AOcol_X.out, analysis/LDNe/Ag_LDNe_GAgam_2L.out, analysis/LDNe/Ag_LDNe_GAgam_2R.out, analysis/LDNe/Ag_LDNe_GAgam_3L.out, analysis/LDNe/Ag_LDNe_GAgam_3R.out, analysis/LDNe/Ag_LDNe_GAgam_X.out, analysis/LDNe/Ag_LDNe_GNgam_2L.out, analysis/LDNe/Ag_LDNe_GNgam_2R.out, analysis/LDNe/Ag_LDNe_GNgam_3L.out, analysis/LDNe/Ag_LDNe_GNgam_3R.out, analysis/LDNe/Ag_LDNe_GNgam_X.out, analysis/LDNe/Ag_LDNe_GNcol_2L.out, analysis/LDNe/Ag_LDNe_GNcol_2R.out, analysis/LDNe/Ag_LDNe_GNcol_3L.out, analysis/LDNe/Ag_LDNe_GNcol_3R.out, analysis/LDNe/Ag_LDNe_GNcol_X.out, analysis/LDNe/Ag_LDNe_CIcol_2L.out, analysis/LDNe/Ag_LDNe_CIcol_2R.out, analysis/LDNe/Ag_LDNe_CIcol_3L.out, analysis/LDNe/Ag_LDNe_CIcol_3R.out, analysis/LDNe/Ag_LDNe_CIcol_X.out
    jobid: 0

[Thu Apr 30 14:13:56 2020]
Finished job 0.
82 of 82 steps (100%) done
Complete log: /home/sanj/ag1000g/Ne_Ag/.snakemake/log/2020-04-30T111325.901438.snakemake.log
