Building DAG of jobs...
Using shell: /bin/bash
Provided cores: 1 (use --cores to define parallelism)
Rules claiming more threads will be scaled down.
Job counts:
	count	jobs
	1	all
	7	ibd_segments
	9	run_ibdne
	7	subset_vcfs
	7	unzip_vcfs
	31

[Fri Apr 10 19:36:34 2020]
rule run_ibdne:
    input: data/Ag_genetic.map, analysis/ibd/UGgam_3L.ibd, analysis/ibd/UGgam_3R.ibd
    output: analysis/ibdne/UGgam_ibdne.ne
    log: logs/ibdne/UGgam.ibdne.log
    jobid: 5
    wildcards: pop=UGgam

Terminating processes on user request, this might take some time.
[Fri Apr 10 19:36:40 2020]
Error in rule run_ibdne:
    jobid: 5
    output: analysis/ibdne/UGgam_ibdne.ne
    log: logs/ibdne/UGgam.ibdne.log (check log file(s) for error message)
    shell:
        cat analysis/ibd/UGgam_3L.ibd analysis/ibd/UGgam_3R.ibd | java -jar ~/apps/ibdne.19Sep19.268.jar map=data/Ag_genetic.map out=analysis/ibdne/UGgam_ibdne nthreads=1 2> logs/ibdne/UGgam.ibdne.log
        (one of the commands exited with non-zero exit code; note that snakemake uses bash strict mode!)

Complete log: /home/sanj/ag1000g/Ne_Ag/.snakemake/log/2020-04-10T193634.196523.snakemake.log
